1
  Program PeakFq           U. S. GEOLOGICAL SURVEY             Seq.002.000
  Version 7.1         Annual peak flow frequency analysis      Run Date / Time
  3/14/2014                                                    02/03/2015 10:00

                         --- PROCESSING OPTIONS ---  

                      Plot option         = Graphics device   
                      Basin char output   = WATSTORE      
                      Print option        = Yes
                      Debug print         = No 
                      Input peaks listing = Long 
                      Input peaks format  = WATSTORE peak file  

                      Input files used:
                         peaks (ascii)  - C:\Users\mkohn\Desktop\06829700\06829700.TXT                                    
                         specifications - C:\Users\mkohn\Desktop\06829700\PKFQWPSF.TMP                                    
                      Output file(s): 
                         main - C:\Users\mkohn\Desktop\06829700\06829700.PRT                                    
                         bcd  - C:\Users\mkohn\Desktop\06829700\06829700.BCD                                    
  
1


  Program PeakFq           U. S. GEOLOGICAL SURVEY             Seq.001.001
  Version 7.1         Annual peak flow frequency analysis      Run Date / Time
  3/14/2014                                                    02/03/2015 10:00
  
            Station - 06829700  THOMPSON CANYON NEAR TRENTON, NEBR.             


                     I N P U T   D A T A   S U M M A R Y

                Number of peaks in record            =       13
                Peaks not used in analysis           =        0
                Systematic peaks in analysis         =       13
                Historic peaks in analysis           =        0
                Beginning Year                       =     1966
                Ending Year                          =     1978
                Historical Period Length             =       13
                Generalized skew                     =    0.089
                     Standard error                  =    0.550
                     Mean Square error               =    0.303
                Skew option                          =   WEIGHTED  
                Gage base discharge                  =      0.0
                User supplied high outlier threshold =   --           
                User supplied PILF (LO) criterion    =   --           
                Plotting position parameter          =     0.00
                Type of analysis                            EMA
                PILF (LO) Test Method                      MGBT
                Perception Thresholds:
                     Begin     End       Low     High     Comment
                      1966    1978       0.0       INF     DEFAULT                                                                         
                Interval Data                    =   None Specified



  *********  NOTICE  --  Preliminary machine computations.        *********     
  *********  User responsible for assessment and interpretation.  *********     

    WCF002J-CALCS COMPLETED.  RETURN CODE =  2
    EMA003I-PILFS (LOS) WERE DETECTED USING MULTIPLE GRUBBS-BECK TEST   0      64.0
      THE FOLLOWING PEAKS (WITH CORRESPONDING P-VALUES) WERE CENSORED:
               1 ZERO VALUES
    EMA002W-CONFIDENCE INTERVALS ARE NOT EXACT IF HISTORIC PERIOD > 0


                                        Kendall's Tau Parameters

                                                        MEDIAN   No. of
                                       TAU    P-VALUE    SLOPE   PEAKS
                                ---------------------------------------
             SYSTEMATIC RECORD      0.273      0.244     18.042    12


1


  Program PeakFq           U. S. GEOLOGICAL SURVEY             Seq.001.002
  Version 7.1         Annual peak flow frequency analysis      Run Date / Time
  3/14/2014                                                    02/03/2015 10:00
  
            Station - 06829700  THOMPSON CANYON NEAR TRENTON, NEBR.             


           ANNUAL FREQUENCY CURVE PARAMETERS -- LOG-PEARSON TYPE III 

                                    LOGARITHMIC         
                         -------------------------------
                                      STANDARD          
                            MEAN     DEVIATION     SKEW 
                         -------------------------------
 EMA W/O REG. INFO         2.4373      0.4876      0.206
 EMA W/REG. INFO           2.4363      0.4896      0.131

 EMA ESTIMATE OF MSE OF SKEW W/O REG. INFO (AT-SITE)      0.3850
 EMA ESTIMATE OF MSE OF SKEW W/SYSTEMATIC ONLY (AT-SITE)  0.3850



    ANNUAL FREQUENCY CURVE -- DISCHARGES AT SELECTED EXCEEDANCE PROBABILITIES

   ANNUAL   EMA W/    EMA W/O     <------ FOR EMA ESTIMATES ------->
EXCEEDANCE  REG INFO  REG INFO    VARIANCE  95% CONFIDENCE INTERVALS
PROBABILITY ESTIMATE  ESTIMATE     OF EST.       LOWER       UPPER

   0.9000      65.5      66.7      0.0360         9.4        117.7
   0.8000     105.1     105.4      0.0253        21.9        190.2
   0.6667     164.8     163.7      0.0206        64.3        313.9
   0.5000     266.5     263.3      0.0194       133.1        544.5
   0.4292     326.0     322.0      0.0198       168.9        691.8
   0.2000     699.8     695.1      0.0263       361.8       1935.0
   0.1000    1176.     1180.       0.0360       577.2       4551.0
   0.0400    2066.     2112.       0.0538       927.7      13410.0
   0.0200    2992.     3104.       0.0713      1237.0      29640.0
   0.0100    4190.     4417.       0.0925      1583.0      63750.0
   0.0050    5723.     6132.       0.1173      1961.0     135400.0
   0.0020    8385.     9190.       0.1561      2505.0     325500.0
1


  Program PeakFq           U. S. GEOLOGICAL SURVEY             Seq.001.003
  Version 7.1         Annual peak flow frequency analysis      Run Date / Time
  3/14/2014                                                    02/03/2015 10:00
  
            Station - 06829700  THOMPSON CANYON NEAR TRENTON, NEBR.             


                       I N P U T   D A T A   L I S T I N G


    WATER       PEAK   PEAKFQ   <--- Intervals --->
     YEAR      VALUE    CODES     LOW         HIGH   REMARKS
     1966      132.0       
     1967      120.0       
     1968     1230.0       
     1969      292.0       
     1970        0.0       
     1971      207.0       
     1972     1140.0       
     1973       64.0       
     1974      224.0       
     1975      370.0       
     1976      390.0       
     1977     1800.0       
     1978      240.0       


        Explanation of peak discharge qualification codes

       PeakFQ    NWIS
        CODE     CODE   DEFINITION

          D        3    Dam failure, non-recurrent flow anomaly
          G        8    Discharge greater than stated value
          X       3+8   Both of the above
          L        4    Discharge less than stated value
          K     6 OR C  Known effect of regulation or urbanization
          H        7    Historic peak

          -  Minus-flagged discharge -- Not used in computation
                -8888.0 -- No discharge value given
          -  Minus-flagged water year -- Historic peak used in computation



1


  Program PeakFq           U. S. GEOLOGICAL SURVEY             Seq.001.004
  Version 7.1         Annual peak flow frequency analysis      Run Date / Time
  3/14/2014                                                    02/03/2015 10:00
  
            Station - 06829700  THOMPSON CANYON NEAR TRENTON, NEBR.             


   EMPIRICAL FREQUENCY CURVES -- HIRSCH-STEDINGER PLOTTING POSITIONS

   WATER     RANKED      EMA         INTERVALS
    YEAR   DISCHARGE   ESTIMATE      LOW      HIGH
    1977     1800.0     0.0711
    1968     1230.0     0.1426
    1972     1140.0     0.2141
    1976      390.0     0.2856
    1975      370.0     0.3570
    1969      292.0     0.4285
    1978      240.0     0.5000
    1974      224.0     0.5715
    1971      207.0     0.6430
    1966      132.0     0.7144
    1967      120.0     0.7859
    1973       64.0     0.8574
1


  Program PeakFq           U. S. GEOLOGICAL SURVEY             Seq.001.005
  Version 7.1         Annual peak flow frequency analysis      Run Date / Time
  3/14/2014                                                    02/03/2015 10:00
  
            Station - 06829700  THOMPSON CANYON NEAR TRENTON, NEBR.             


                         EMA REPRESENTATION OF DATA

  WATER <----- OBSERVED-----><-------- EMA -------><-PERCEPTION THRESHOLDS->
   YEAR    Q_LOWER    Q_UPPER    Q_LOWER    Q_UPPER        LOWER       UPPER
   1966      132.0      132.0      132.0      132.0         64.0        INF 
   1967      120.0      120.0      120.0      120.0         64.0        INF 
   1968     1230.0     1230.0     1230.0     1230.0         64.0        INF 
   1969      292.0      292.0      292.0      292.0         64.0        INF 
   1970        0.0        0.0        0.0       64.0         64.0        INF 
   1971      207.0      207.0      207.0      207.0         64.0        INF 
   1972     1140.0     1140.0     1140.0     1140.0         64.0        INF 
   1973       64.0       64.0       64.0       64.0         64.0        INF 
   1974      224.0      224.0      224.0      224.0         64.0        INF 
   1975      370.0      370.0      370.0      370.0         64.0        INF 
   1976      390.0      390.0      390.0      390.0         64.0        INF 
   1977     1800.0     1800.0     1800.0     1800.0         64.0        INF 
   1978      240.0      240.0      240.0      240.0         64.0        INF 
1



 End PeakFQ analysis.
   Stations processed :       1
   Number of errors   :       0
   Stations skipped   :       0
   Station years      :      13


Data records may have been ignored for the stations listed below.               
(Card type must be Y, Z, N, H, I, 2, 3, 4,  or *.)                              
(2, 4, and * records are ignored.)                                              
                                                                                
 For the station below, the following records were ignored:                     
                                                                                
                                                                                
 FINISHED PROCESSING STATION:  06829700       USGS THOMPSON CANYON NEAR TRENTON,
                                                                                
                                                                                
 For the station below, the following records were ignored:                     
                                                                                
 FINISHED PROCESSING STATION:                                                   
                                                                                
