1
  Program PeakFq           U. S. GEOLOGICAL SURVEY             Seq.002.000
  Prov. Ver. 7.0      Annual peak flow frequency analysis      Run Date / Time
  05/08/2013          following Bulletin 17-B Guidelines       06/12/2014 15:12
            Preliminary release of PeakFQ for review and testing only.

                         --- PROCESSING OPTIONS ---  

                      Plot option         = Graphics device   
                      Basin char output   = WATSTORE      
                      Print option        = Yes
                      Debug print         = No 
                      Input peaks listing = Long 
                      Input peaks format  = WATSTORE peak file  

                      Input files used:
                         peaks (ascii)  - S:\hhm\CDOT_Flood_Frequency\PeakFQ\Input_files\06761900\06761900.TXT            
                         specifications - S:\hhm\CDOT_Flood_Frequency\PeakFQ\Input_files\06761900\PKFQWPSF.TMP            
                      Output file(s): 
                         main - S:\hhm\CDOT_Flood_Frequency\PeakFQ\Input_files\06761900\06761900.PRT            
                         bcd  - S:\hhm\CDOT_Flood_Frequency\PeakFQ\Input_files\06761900\06761900.BCD            
  
1


  Program PeakFq           U. S. GEOLOGICAL SURVEY             Seq.003.001
  Prov. Ver. 7.0      Annual peak flow frequency analysis      Run Date / Time
  05/08/2013         using Expected Moments Algorithm (EMA)    06/12/2014 15:12
 
            Preliminary release of PeakFQ for review and testing only.
  
       Station - 06761900  LODGEPOLE CREEK TRIBUTARY NEAR PINE BLUFFS, WY       


                     I N P U T   D A T A   S U M M A R Y

                Number of peaks in record            =       22
                Peaks not used in analysis           =        0
                Systematic peaks in analysis         =       22
                Historic peaks in analysis           =        0
                Beginning Year                       =     1960
                Ending Year                          =     1981
                Historical Period Length             =       22
                Generalized skew                     =    0.076
                     Standard error                  =    0.550
                     Mean Square error               =    0.303
                Skew option                          =   WEIGHTED  
                Gage base discharge                  =      0.0
                User supplied high outlier threshold =   --           
                User supplied low outlier criterion  =   --           
                Plotting position parameter          =     0.00
                Type of analysis                            EMA
                Low-outlier Test Method                    MGBT
                Perception Thresholds:
                     Begin     End       Low     High     Comment
                      1960    1981       0.0       INF     DEFAULT                                                                         
                      1964    1964      15.0       INF     PEAK < STATED VALUE                                                             
                      1966    1966      15.0       INF     PEAK < STATED VALUE                                                             
                Interval Data:
                              Year       Low     High     Comment
                              1964       0.0      15.0                                                                                     
                              1966       0.0      15.0                                                                                     



  *********  NOTICE  --  Preliminary machine computations.        *********     
  *********  User responsible for assessment and interpretation.  *********     

  **WCF164W-HISTORIC PERIOD IGNORED.    22.0
    WCF002J-CALCS COMPLETED.  RETURN CODE =  2
    EMA003I-LOW OUTLIERS WERE DETECTED USING MULTIPLE GRUBBS-BECK TEST       2        20.0
      THE FOLLOWING PEAKS (WITH CORRESPONDING P-VALUES) WERE DROPPED:
            20.0    (0.4890)
            23.0    (0.5573)
    EMA002W-CONFIDENCE INTERVALS ARE NOT EXACT IF HISTORIC PERIOD > 0


                                        Kendall's Tau Parameters

                                                        MEDIAN   No. of
                                       TAU    P-VALUE    SLOPE   PEAKS
                                ---------------------------------------
             SYSTEMATIC RECORD      0.404      0.026      3.287    17


1


  Program PeakFq           U. S. GEOLOGICAL SURVEY             Seq.003.002
  Prov. Ver. 7.0      Annual peak flow frequency analysis      Run Date / Time
  05/08/2013         using Expected Moments Algorithm (EMA)    06/12/2014 15:12
 
            Preliminary release of PeakFQ for review and testing only.
  
       Station - 06761900  LODGEPOLE CREEK TRIBUTARY NEAR PINE BLUFFS, WY       


           ANNUAL FREQUENCY CURVE PARAMETERS -- LOG-PEARSON TYPE III 

                                    LOGARITHMIC         
                         -------------------------------
                                      STANDARD          
                            MEAN     DEVIATION     SKEW 
                         -------------------------------
 EMA W/O REG. INFO         1.4726      0.3710      0.059
 EMA W/REG. INFO           1.4731      0.3703      0.071

 EMA ESTIMATE OF MSE OF SKEW W/O REG. INFO (AT-SITE)      0.2281
 EMA ESTIMATE OF MSE OF SKEW W/SYSTEMATIC ONLY (AT-SITE)  0.2491



    ANNUAL FREQUENCY CURVE -- DISCHARGES AT SELECTED EXCEEDANCE PROBABILITIES

   ANNUAL   EMA W/    EMA W/O     <------ FOR EMA ESTIMATES ------->
EXCEEDANCE  REG INFO  REG INFO    VARIANCE  95% CONFIDENCE INTERVALS
PROBABILITY ESTIMATE  ESTIMATE     OF EST.       LOWER       UPPER

   0.6667      20.4      20.4      0.0121         6.4         27.3
   0.5000      29.4      29.4      0.0079         9.9         40.8
   0.4292      34.3      34.3      0.0071        14.3         49.6
   0.2000      60.7      60.8      0.0083        42.1        107.2
   0.1000      89.2      89.2      0.0124        59.3        191.6
   0.0400     135.0     134.8      0.0202        82.4        407.7
   0.0200     176.8     176.4      0.0276       101.0        715.0
   0.0100     225.8     224.9      0.0362       120.7       1232.0
   0.0050     282.7     281.2      0.0460       141.2       2078.0
   0.0020     372.0     369.2      0.0609       169.6       3949.0
1


  Program PeakFq           U. S. GEOLOGICAL SURVEY             Seq.003.003
  Prov. Ver. 7.0      Annual peak flow frequency analysis      Run Date / Time
  05/08/2013         using Expected Moments Algorithm (EMA)    06/12/2014 15:12
 
            Preliminary release of PeakFQ for review and testing only.
  
       Station - 06761900  LODGEPOLE CREEK TRIBUTARY NEAR PINE BLUFFS, WY       


                       I N P U T   D A T A   L I S T I N G


    WATER       PEAK   PEAKFQ   <--- Intervals --->
     YEAR      VALUE    CODES     LOW         HIGH   REMARKS
     1960       86.0       
     1961       25.0       
     1962       23.0       
     1963       40.0       
     1964       15.0   L            0.0        15.0                                                                                  
     1965       27.0       
     1966       15.0   L            0.0        15.0                                                                                  
     1967       62.0       
     1968       20.0       
     1969       31.0       
     1970        0.0       
     1971       50.0       
     1972       40.0       
     1973       31.0       
     1974        0.0       
     1975        0.0       
     1976        0.0       
     1977        0.0       
     1978       52.0       
     1979      105.0       
     1980       82.0       
     1981      158.0       


        Explanation of peak discharge qualification codes

       PeakFQ    NWIS
        CODE     CODE   DEFINITION

          D        3    Dam failure, non-recurrent flow anomaly
          G        8    Discharge greater than stated value
          X       3+8   Both of the above
          L        4    Discharge less than stated value
          K     6 OR C  Known effect of regulation or urbanization
          H        7    Historic peak

          -  Minus-flagged discharge -- Not used in computation
                -8888.0 -- No discharge value given
          -  Minus-flagged water year -- Historic peak used in computation



1


  Program PeakFq           U. S. GEOLOGICAL SURVEY             Seq.003.004
  Prov. Ver. 7.0      Annual peak flow frequency analysis      Run Date / Time
  05/08/2013         using Expected Moments Algorithm (EMA)    06/12/2014 15:12
 
            Preliminary release of PeakFQ for review and testing only.
  
       Station - 06761900  LODGEPOLE CREEK TRIBUTARY NEAR PINE BLUFFS, WY       


   EMPIRICAL FREQUENCY CURVES -- HIRSCH-STEDINGER PLOTTING POSITIONS

   WATER     RANKED      EMA         INTERVALS
    YEAR   DISCHARGE   ESTIMATE      LOW      HIGH
    1981      158.0     0.0424
    1979      105.0     0.0851
    1960       86.0     0.1277
    1980       82.0     0.1704
    1967       62.0     0.2130
    1978       52.0     0.2556
    1971       50.0     0.2983
    1963       40.0     0.3835
    1972       40.0     0.3409
    1969       31.0     0.4688
    1973       31.0     0.4262
    1965       27.0     0.5115
    1961       25.0     0.5541
    1962       23.0     0.5967
  * 1968       20.0     0.6394
    1964     ------     0.6818         0.0      15.0
    1966     ------     0.6818         0.0      15.0

    * DENOTES LOW OUTLIER

1


  Program PeakFq           U. S. GEOLOGICAL SURVEY             Seq.003.005
  Prov. Ver. 7.0      Annual peak flow frequency analysis      Run Date / Time
  05/08/2013         using Expected Moments Algorithm (EMA)    06/12/2014 15:12
 
            Preliminary release of PeakFQ for review and testing only.
  
       Station - 06761900  LODGEPOLE CREEK TRIBUTARY NEAR PINE BLUFFS, WY       


                         EMA REPRESENTATION OF DATA

  WATER <----- OBSERVED-----><-------- EMA -------><-PERCEPTION THRESHOLDS->
   YEAR    Q_LOWER    Q_UPPER    Q_LOWER    Q_UPPER        LOWER       UPPER
   1960       86.0       86.0       86.0       86.0         20.0        INF 
   1961       25.0       25.0       25.0       25.0         20.0        INF 
   1962       23.0       23.0       23.0       23.0         20.0        INF 
   1963       40.0       40.0       40.0       40.0         20.0        INF 
   1964        0.0       15.0        0.0       20.0         20.0        INF 
   1965       27.0       27.0       27.0       27.0         20.0        INF 
   1966        0.0       15.0        0.0       20.0         20.0        INF 
   1967       62.0       62.0       62.0       62.0         20.0        INF 
   1968       20.0       20.0       20.0       20.0         20.0        INF 
   1969       31.0       31.0       31.0       31.0         20.0        INF 
   1970        0.0        0.0        0.0       20.0         20.0        INF 
   1971       50.0       50.0       50.0       50.0         20.0        INF 
   1972       40.0       40.0       40.0       40.0         20.0        INF 
   1973       31.0       31.0       31.0       31.0         20.0        INF 
   1974        0.0        0.0        0.0       20.0         20.0        INF 
   1975        0.0        0.0        0.0       20.0         20.0        INF 
   1976        0.0        0.0        0.0       20.0         20.0        INF 
   1977        0.0        0.0        0.0       20.0         20.0        INF 
   1978       52.0       52.0       52.0       52.0         20.0        INF 
   1979      105.0      105.0      105.0      105.0         20.0        INF 
   1980       82.0       82.0       82.0       82.0         20.0        INF 
   1981      158.0      158.0      158.0      158.0         20.0        INF 
1



 End PeakFQ analysis.
   Stations processed :       1
   Number of errors   :       0
   Stations skipped   :       0
   Station years      :      22


Data records may have been ignored for the stations listed below.               
(Card type must be Y, Z, N, H, I, 2, 3, 4,  or *.)                              
(2, 4, and * records are ignored.)                                              
                                                                                
 For the station below, the following records were ignored:                     
                                                                                
 FINISHED PROCESSING STATION:  06761900       USGS LODGEPOLE CREEK TRIBUTARY NEA
                                                                                
                                                                                
 For the station below, the following records were ignored:                     
                                                                                
 FINISHED PROCESSING STATION:                                                   
                                                                                
