1
  Program PeakFq           U. S. GEOLOGICAL SURVEY             Seq.002.000
  Prov. Ver. 7.0      Annual peak flow frequency analysis      Run Date / Time
  05/08/2013          following Bulletin 17-B Guidelines       06/11/2014 17:19
            Preliminary release of PeakFQ for review and testing only.

                         --- PROCESSING OPTIONS ---  

                      Plot option         = Graphics device   
                      Basin char output   = WATSTORE      
                      Print option        = Yes
                      Debug print         = No 
                      Input peaks listing = Long 
                      Input peaks format  = WATSTORE peak file  

                      Input files used:
                         peaks (ascii)  - S:\hhm\CDOT_Flood_Frequency\PeakFQ\Input_files\06724500\06724500.TXT            
                         specifications - S:\hhm\CDOT_Flood_Frequency\PeakFQ\Input_files\06724500\PKFQWPSF.TMP            
                      Output file(s): 
                         main - S:\hhm\CDOT_Flood_Frequency\PeakFQ\Input_files\06724500\06724500.PRT            
                         bcd  - S:\hhm\CDOT_Flood_Frequency\PeakFQ\Input_files\06724500\06724500.BCD            
  
1


  Program PeakFq           U. S. GEOLOGICAL SURVEY             Seq.003.001
  Prov. Ver. 7.0      Annual peak flow frequency analysis      Run Date / Time
  05/08/2013         using Expected Moments Algorithm (EMA)    06/11/2014 17:19
 
            Preliminary release of PeakFQ for review and testing only.
  
             Station - 06724500  LEFT HAND CREEK NEAR BOULDER, CO.              


                     I N P U T   D A T A   S U M M A R Y

                Number of peaks in record            =       16
                Peaks not used in analysis           =        0
                Systematic peaks in analysis         =       16
                Historic peaks in analysis           =        0
                Beginning Year                       =     1929
                Ending Year                          =     1980
                Historical Period Length             =       52
                Generalized skew                     =   -0.175
                     Standard error                  =    0.550
                     Mean Square error               =    0.303
                Skew option                          =   WEIGHTED  
                Gage base discharge                  =      0.0
                User supplied high outlier threshold =   --           
                User supplied low outlier criterion  =   --           
                Plotting position parameter          =     0.00
                Type of analysis                            EMA
                Low-outlier Test Method                    MGBT
                Perception Thresholds:
                     Begin     End       Low     High     Comment
                      1929    1931       0.0       INF     DEFAULT                                                                         
                      1932    1946       INF       INF     MISSING                                                                         
                      1947    1953       0.0       INF     DEFAULT                                                                         
                      1954    1955       INF       INF     MISSING                                                                         
                      1956    1957       0.0       INF     DEFAULT                                                                         
                      1958    1976       INF       INF     MISSING                                                                         
                      1977    1980       0.0       INF     DEFAULT                                                                         
                Interval Data                    =   None Specified



  *********  NOTICE  --  Preliminary machine computations.        *********     
  *********  User responsible for assessment and interpretation.  *********     

  **WCF164W-HISTORIC PERIOD IGNORED.    52.0
    WCF002J-CALCS COMPLETED.  RETURN CODE =  2
    EMA001W-VARIANCE OF ESTIMATE WARNING, HISTORIC PERIOD > 2* SYS
    EMA002W-CONFIDENCE INTERVALS ARE NOT EXACT IF HISTORIC PERIOD > 0


                                        Kendall's Tau Parameters

                                                        MEDIAN   No. of
                                       TAU    P-VALUE    SLOPE   PEAKS
                                ---------------------------------------
             SYSTEMATIC RECORD     -0.092      0.652     -1.786    16


1


  Program PeakFq           U. S. GEOLOGICAL SURVEY             Seq.003.002
  Prov. Ver. 7.0      Annual peak flow frequency analysis      Run Date / Time
  05/08/2013         using Expected Moments Algorithm (EMA)    06/11/2014 17:19
 
            Preliminary release of PeakFQ for review and testing only.
  
             Station - 06724500  LEFT HAND CREEK NEAR BOULDER, CO.              


           ANNUAL FREQUENCY CURVE PARAMETERS -- LOG-PEARSON TYPE III 

                                    LOGARITHMIC         
                         -------------------------------
                                      STANDARD          
                            MEAN     DEVIATION     SKEW 
                         -------------------------------
 EMA W/O REG. INFO         2.5505      0.2304      0.803
 EMA W/REG. INFO           2.5505      0.2304      0.023

 EMA ESTIMATE OF MSE OF SKEW W/O REG. INFO (AT-SITE)      0.3673
 EMA ESTIMATE OF MSE OF SKEW W/SYSTEMATIC ONLY (AT-SITE)  0.3846



    ANNUAL FREQUENCY CURVE -- DISCHARGES AT SELECTED EXCEEDANCE PROBABILITIES

   ANNUAL   EMA W/    EMA W/O     <------ FOR EMA ESTIMATES ------->
EXCEEDANCE  REG INFO  REG INFO    VARIANCE  95% CONFIDENCE INTERVALS
PROBABILITY ESTIMATE  ESTIMATE     OF EST.       LOWER       UPPER

   0.9950      91.6     134.3      0.0179        28.2        141.8
   0.9900     104.3     141.9      0.0140        37.9        155.0
   0.9500     149.0     170.2      0.0074        78.1        204.7
   0.9000     180.2     191.5      0.0056       109.0        242.0
   0.8000     227.2     225.6      0.0042       154.8        300.7
   0.6667     282.2     268.8      0.0037       205.0        372.6
   0.5000     354.6     331.1      0.0035       266.0        473.7
   0.4292     389.8     363.7      0.0036       294.2        526.5
   0.2000     554.9     537.2      0.0046       418.7        821.0
   0.1000     702.1     721.9      0.0061       521.0       1175.0
   0.0400     903.0    1023.       0.0092       647.5       1844.0
   0.0200    1063.     1306.       0.0123       736.9       2561.0
   0.0100    1231.     1649.       0.0160       821.9       3512.0
   0.0050    1409.     2063.       0.0204       902.5       4778.0
   0.0020    1660.     2745.       0.0274      1003.0       7119.0
1


  Program PeakFq           U. S. GEOLOGICAL SURVEY             Seq.003.003
  Prov. Ver. 7.0      Annual peak flow frequency analysis      Run Date / Time
  05/08/2013         using Expected Moments Algorithm (EMA)    06/11/2014 17:19
 
            Preliminary release of PeakFQ for review and testing only.
  
             Station - 06724500  LEFT HAND CREEK NEAR BOULDER, CO.              


                       I N P U T   D A T A   L I S T I N G


    WATER       PEAK   PEAKFQ   <--- Intervals --->
     YEAR      VALUE    CODES     LOW         HIGH   REMARKS
     1929      216.0       
     1930      340.0       
     1931      396.0       
     1947      254.0       
     1948      510.0       
     1949     1140.0       
     1950      234.0       
     1951      785.0       
     1952      252.0       
     1953      245.0       
     1956      230.0       
     1957      707.0       
     1977      230.0       
     1978      331.0       
     1979      187.0       
     1980      571.0       


        Explanation of peak discharge qualification codes

       PeakFQ    NWIS
        CODE     CODE   DEFINITION

          D        3    Dam failure, non-recurrent flow anomaly
          G        8    Discharge greater than stated value
          X       3+8   Both of the above
          L        4    Discharge less than stated value
          K     6 OR C  Known effect of regulation or urbanization
          H        7    Historic peak

          -  Minus-flagged discharge -- Not used in computation
                -8888.0 -- No discharge value given
          -  Minus-flagged water year -- Historic peak used in computation



1


  Program PeakFq           U. S. GEOLOGICAL SURVEY             Seq.003.004
  Prov. Ver. 7.0      Annual peak flow frequency analysis      Run Date / Time
  05/08/2013         using Expected Moments Algorithm (EMA)    06/11/2014 17:19
 
            Preliminary release of PeakFQ for review and testing only.
  
             Station - 06724500  LEFT HAND CREEK NEAR BOULDER, CO.              


   EMPIRICAL FREQUENCY CURVES -- HIRSCH-STEDINGER PLOTTING POSITIONS

   WATER     RANKED      EMA         INTERVALS
    YEAR   DISCHARGE   ESTIMATE      LOW      HIGH
    1949     1140.0     0.0586
    1951      785.0     0.1174
    1957      707.0     0.1763
    1980      571.0     0.2351
    1948      510.0     0.2940
    1931      396.0     0.3529
    1930      340.0     0.4117
    1978      331.0     0.4706
    1947      254.0     0.5294
    1952      252.0     0.5883
    1953      245.0     0.6471
    1950      234.0     0.7060
    1956      230.0     0.8237
    1977      230.0     0.7649
    1929      216.0     0.8826
    1979      187.0     0.9414
1


  Program PeakFq           U. S. GEOLOGICAL SURVEY             Seq.003.005
  Prov. Ver. 7.0      Annual peak flow frequency analysis      Run Date / Time
  05/08/2013         using Expected Moments Algorithm (EMA)    06/11/2014 17:19
 
            Preliminary release of PeakFQ for review and testing only.
  
             Station - 06724500  LEFT HAND CREEK NEAR BOULDER, CO.              


                         EMA REPRESENTATION OF DATA

  WATER <----- OBSERVED-----><-------- EMA -------><-PERCEPTION THRESHOLDS->
   YEAR    Q_LOWER    Q_UPPER    Q_LOWER    Q_UPPER        LOWER       UPPER
   1929      216.0      216.0      216.0      216.0          0.0        INF 
   1930      340.0      340.0      340.0      340.0          0.0        INF 
   1931      396.0      396.0      396.0      396.0          0.0        INF 
   1932        0.0       INF         0.0       INF          INF         INF 
   1933        0.0       INF         0.0       INF          INF         INF 
   1934        0.0       INF         0.0       INF          INF         INF 
   1935        0.0       INF         0.0       INF          INF         INF 
   1936        0.0       INF         0.0       INF          INF         INF 
   1937        0.0       INF         0.0       INF          INF         INF 
   1938        0.0       INF         0.0       INF          INF         INF 
   1939        0.0       INF         0.0       INF          INF         INF 
   1940        0.0       INF         0.0       INF          INF         INF 
   1941        0.0       INF         0.0       INF          INF         INF 
   1942        0.0       INF         0.0       INF          INF         INF 
   1943        0.0       INF         0.0       INF          INF         INF 
   1944        0.0       INF         0.0       INF          INF         INF 
   1945        0.0       INF         0.0       INF          INF         INF 
   1946        0.0       INF         0.0       INF          INF         INF 
   1947      254.0      254.0      254.0      254.0          0.0        INF 
   1948      510.0      510.0      510.0      510.0          0.0        INF 
   1949     1140.0     1140.0     1140.0     1140.0          0.0        INF 
   1950      234.0      234.0      234.0      234.0          0.0        INF 
   1951      785.0      785.0      785.0      785.0          0.0        INF 
   1952      252.0      252.0      252.0      252.0          0.0        INF 
   1953      245.0      245.0      245.0      245.0          0.0        INF 
   1954        0.0       INF         0.0       INF          INF         INF 
   1955        0.0       INF         0.0       INF          INF         INF 
   1956      230.0      230.0      230.0      230.0          0.0        INF 
   1957      707.0      707.0      707.0      707.0          0.0        INF 
   1958        0.0       INF         0.0       INF          INF         INF 
   1959        0.0       INF         0.0       INF          INF         INF 
   1960        0.0       INF         0.0       INF          INF         INF 
   1961        0.0       INF         0.0       INF          INF         INF 
   1962        0.0       INF         0.0       INF          INF         INF 
   1963        0.0       INF         0.0       INF          INF         INF 
   1964        0.0       INF         0.0       INF          INF         INF 
   1965        0.0       INF         0.0       INF          INF         INF 
   1966        0.0       INF         0.0       INF          INF         INF 
   1967        0.0       INF         0.0       INF          INF         INF 
   1968        0.0       INF         0.0       INF          INF         INF 
   1969        0.0       INF         0.0       INF          INF         INF 
   1970        0.0       INF         0.0       INF          INF         INF 
   1971        0.0       INF         0.0       INF          INF         INF 
   1972        0.0       INF         0.0       INF          INF         INF 
   1973        0.0       INF         0.0       INF          INF         INF 
   1974        0.0       INF         0.0       INF          INF         INF 
   1975        0.0       INF         0.0       INF          INF         INF 
   1976        0.0       INF         0.0       INF          INF         INF 
   1977      230.0      230.0      230.0      230.0          0.0        INF 
   1978      331.0      331.0      331.0      331.0          0.0        INF 
   1979      187.0      187.0      187.0      187.0          0.0        INF 
   1980      571.0      571.0      571.0      571.0          0.0        INF 
1



 End PeakFQ analysis.
   Stations processed :       1
   Number of errors   :       0
   Stations skipped   :       0
   Station years      :      16


Data records may have been ignored for the stations listed below.               
(Card type must be Y, Z, N, H, I, 2, 3, 4,  or *.)                              
(2, 4, and * records are ignored.)                                              
                                                                                
 For the station below, the following records were ignored:                     
                                                                                
 FINISHED PROCESSING STATION:  06724500       USGS LEFT HAND CREEK NEAR BOULDER,
                                                                                
                                                                                
 For the station below, the following records were ignored:                     
                                                                                
 FINISHED PROCESSING STATION:                                                   
                                                                                
