1
  Program PeakFq           U. S. GEOLOGICAL SURVEY             Seq.002.000
  Version 7.1         Annual peak flow frequency analysis      Run Date / Time
  3/14/2014                                                    02/03/2015 10:16

                         --- PROCESSING OPTIONS ---  

                      Plot option         = Graphics device   
                      Basin char output   = WATSTORE      
                      Print option        = Yes
                      Debug print         = No 
                      Input peaks listing = Long 
                      Input peaks format  = WATSTORE peak file  

                      Input files used:
                         peaks (ascii)  - C:\Users\mkohn\Desktop\06838550\06838550.TXT                                    
                         specifications - C:\Users\mkohn\Desktop\06838550\PKFQWPSF.TMP                                    
                      Output file(s): 
                         main - C:\Users\mkohn\Desktop\06838550\06838550.PRT                                    
                         bcd  - C:\Users\mkohn\Desktop\06838550\06838550.BCD                                    
  
1


  Program PeakFq           U. S. GEOLOGICAL SURVEY             Seq.001.001
  Version 7.1         Annual peak flow frequency analysis      Run Date / Time
  3/14/2014                                                    02/03/2015 10:16
  
                Station - 06838550  DRY CREEK AT BARTLEY, NEBR.                 


                     I N P U T   D A T A   S U M M A R Y

                Number of peaks in record            =       23
                Peaks not used in analysis           =        0
                Systematic peaks in analysis         =       23
                Historic peaks in analysis           =        0
                Beginning Year                       =     1961
                Ending Year                          =     1983
                Historical Period Length             =       23
                Generalized skew                     =    0.138
                     Standard error                  =    0.550
                     Mean Square error               =    0.303
                Skew option                          =   WEIGHTED  
                Gage base discharge                  =      0.0
                User supplied high outlier threshold =   --           
                User supplied PILF (LO) criterion    =   --           
                Plotting position parameter          =     0.00
                Type of analysis                            EMA
                PILF (LO) Test Method                      MGBT
                Perception Thresholds:
                     Begin     End       Low     High     Comment
                      1961    1983       0.0       INF     DEFAULT                                                                         
                Interval Data                    =   None Specified



  *********  NOTICE  --  Preliminary machine computations.        *********     
  *********  User responsible for assessment and interpretation.  *********     

    WCF002J-CALCS COMPLETED.  RETURN CODE =  2
    EMA003I-PILFS (LOS) WERE DETECTED USING MULTIPLE GRUBBS-BECK TEST   5     175.0
      THE FOLLOWING PEAKS (WITH CORRESPONDING P-VALUES) WERE CENSORED:
             9.0    (0.0954)
            10.0    (0.0013)
            15.0    (0.0000)
            69.0    (0.0010)
           125.0    (0.0585)
    EMA002W-CONFIDENCE INTERVALS ARE NOT EXACT IF HISTORIC PERIOD > 0


                                        Kendall's Tau Parameters

                                                        MEDIAN   No. of
                                       TAU    P-VALUE    SLOPE   PEAKS
                                ---------------------------------------
             SYSTEMATIC RECORD     -0.217      0.154     -7.000    23


1


  Program PeakFq           U. S. GEOLOGICAL SURVEY             Seq.001.002
  Version 7.1         Annual peak flow frequency analysis      Run Date / Time
  3/14/2014                                                    02/03/2015 10:16
  
                Station - 06838550  DRY CREEK AT BARTLEY, NEBR.                 


           ANNUAL FREQUENCY CURVE PARAMETERS -- LOG-PEARSON TYPE III 

                                    LOGARITHMIC         
                         -------------------------------
                                      STANDARD          
                            MEAN     DEVIATION     SKEW 
                         -------------------------------
 EMA W/O REG. INFO         2.4119      0.2133      0.573
 EMA W/REG. INFO           2.4074      0.2204      0.288

 EMA ESTIMATE OF MSE OF SKEW W/O REG. INFO (AT-SITE)      0.2689
 EMA ESTIMATE OF MSE OF SKEW W/SYSTEMATIC ONLY (AT-SITE)  0.2689



    ANNUAL FREQUENCY CURVE -- DISCHARGES AT SELECTED EXCEEDANCE PROBABILITIES

   ANNUAL   EMA W/    EMA W/O     <------ FOR EMA ESTIMATES ------->
EXCEEDANCE  REG INFO  REG INFO    VARIANCE  95% CONFIDENCE INTERVALS
PROBABILITY ESTIMATE  ESTIMATE     OF EST.       LOWER       UPPER

   0.9950      79.3      94.7      0.0305        15.5        128.2
   0.9900      87.5     101.5      0.0236        21.0        132.3
   0.9500     115.8     125.6      0.0108        44.7        151.0
   0.9000     135.7     142.9      0.0069        63.0        167.6
   0.8000     165.8     169.5      0.0041        88.6        197.7
   0.6667     201.5     201.8      0.0027       114.6        242.1
   0.5000     249.4     246.4      0.0023       189.5        313.2
   0.4292     273.1     269.0      0.0023       216.7        350.2
   0.2000     388.3     382.7      0.0033       310.5        548.1
   0.1000     496.4     495.3      0.0048       383.2        785.7
   0.0400     652.0     666.3      0.0078       478.8       1243.0
   0.0200     782.3     816.9      0.0108       551.6       1745.0
   0.0100     925.4     989.4      0.0144       625.0       2440.0
   0.0050    1083.     1187.       0.0188       698.9       3409.0
   0.0020    1316.     1494.       0.0257       797.4       5305.0
1


  Program PeakFq           U. S. GEOLOGICAL SURVEY             Seq.001.003
  Version 7.1         Annual peak flow frequency analysis      Run Date / Time
  3/14/2014                                                    02/03/2015 10:16
  
                Station - 06838550  DRY CREEK AT BARTLEY, NEBR.                 


                       I N P U T   D A T A   L I S T I N G


    WATER       PEAK   PEAKFQ   <--- Intervals --->
     YEAR      VALUE    CODES     LOW         HIGH   REMARKS
     1961      315.0       
     1962      420.0       
     1963      600.0       
     1964      125.0       
     1965      712.0       
     1966      230.0       
     1967      240.0       
     1968      205.0       
     1969      295.0       
     1970      245.0       
     1971      204.0       
     1972       15.0       
     1973       10.0       
     1974      260.0       
     1975      280.0       
     1976      633.0       
     1977      370.0       
     1978      175.0       
     1979      330.0       
     1980       69.0       
     1981      285.0       
     1982        9.0       
     1983      200.0       


        Explanation of peak discharge qualification codes

       PeakFQ    NWIS
        CODE     CODE   DEFINITION

          D        3    Dam failure, non-recurrent flow anomaly
          G        8    Discharge greater than stated value
          X       3+8   Both of the above
          L        4    Discharge less than stated value
          K     6 OR C  Known effect of regulation or urbanization
          H        7    Historic peak

          -  Minus-flagged discharge -- Not used in computation
                -8888.0 -- No discharge value given
          -  Minus-flagged water year -- Historic peak used in computation



1


  Program PeakFq           U. S. GEOLOGICAL SURVEY             Seq.001.004
  Version 7.1         Annual peak flow frequency analysis      Run Date / Time
  3/14/2014                                                    02/03/2015 10:16
  
                Station - 06838550  DRY CREEK AT BARTLEY, NEBR.                 


   EMPIRICAL FREQUENCY CURVES -- HIRSCH-STEDINGER PLOTTING POSITIONS

   WATER     RANKED      EMA         INTERVALS
    YEAR   DISCHARGE   ESTIMATE      LOW      HIGH
    1965      712.0     0.0415
    1976      633.0     0.0832
    1963      600.0     0.1249
    1962      420.0     0.1665
    1977      370.0     0.2082
    1979      330.0     0.2499
    1961      315.0     0.2916
    1969      295.0     0.3333
    1981      285.0     0.3750
    1975      280.0     0.4166
    1974      260.0     0.4583
    1970      245.0     0.5000
    1967      240.0     0.5417
    1966      230.0     0.5834
    1968      205.0     0.6250
    1971      204.0     0.6667
    1983      200.0     0.7084
    1978      175.0     0.7501
  * 1964      125.0     0.7918
  * 1980       69.0     0.8335
  * 1972       15.0     0.8751
  * 1973       10.0     0.9168
  * 1982        9.0     0.9585

    * DENOTES PILF (LO)

1


  Program PeakFq           U. S. GEOLOGICAL SURVEY             Seq.001.005
  Version 7.1         Annual peak flow frequency analysis      Run Date / Time
  3/14/2014                                                    02/03/2015 10:16
  
                Station - 06838550  DRY CREEK AT BARTLEY, NEBR.                 


                         EMA REPRESENTATION OF DATA

  WATER <----- OBSERVED-----><-------- EMA -------><-PERCEPTION THRESHOLDS->
   YEAR    Q_LOWER    Q_UPPER    Q_LOWER    Q_UPPER        LOWER       UPPER
   1961      315.0      315.0      315.0      315.0        175.0        INF 
   1962      420.0      420.0      420.0      420.0        175.0        INF 
   1963      600.0      600.0      600.0      600.0        175.0        INF 
   1964      125.0      125.0        0.0      175.0        175.0        INF 
   1965      712.0      712.0      712.0      712.0        175.0        INF 
   1966      230.0      230.0      230.0      230.0        175.0        INF 
   1967      240.0      240.0      240.0      240.0        175.0        INF 
   1968      205.0      205.0      205.0      205.0        175.0        INF 
   1969      295.0      295.0      295.0      295.0        175.0        INF 
   1970      245.0      245.0      245.0      245.0        175.0        INF 
   1971      204.0      204.0      204.0      204.0        175.0        INF 
   1972       15.0       15.0        0.0      175.0        175.0        INF 
   1973       10.0       10.0        0.0      175.0        175.0        INF 
   1974      260.0      260.0      260.0      260.0        175.0        INF 
   1975      280.0      280.0      280.0      280.0        175.0        INF 
   1976      633.0      633.0      633.0      633.0        175.0        INF 
   1977      370.0      370.0      370.0      370.0        175.0        INF 
   1978      175.0      175.0      175.0      175.0        175.0        INF 
   1979      330.0      330.0      330.0      330.0        175.0        INF 
   1980       69.0       69.0        0.0      175.0        175.0        INF 
   1981      285.0      285.0      285.0      285.0        175.0        INF 
   1982        9.0        9.0        0.0      175.0        175.0        INF 
   1983      200.0      200.0      200.0      200.0        175.0        INF 
1



 End PeakFQ analysis.
   Stations processed :       1
   Number of errors   :       0
   Stations skipped   :       0
   Station years      :      23


Data records may have been ignored for the stations listed below.               
(Card type must be Y, Z, N, H, I, 2, 3, 4,  or *.)                              
(2, 4, and * records are ignored.)                                              
                                                                                
 For the station below, the following records were ignored:                     
                                                                                
 FINISHED PROCESSING STATION:  06838550       USGS DRY CREEK AT BARTLEY, NEBR.  
                                                                                
                                                                                
 For the station below, the following records were ignored:                     
                                                                                
 FINISHED PROCESSING STATION:                                                   
                                                                                
