1
  Program PeakFq           U. S. GEOLOGICAL SURVEY             Seq.002.000
  Version 7.1         Annual peak flow frequency analysis      Run Date / Time
  3/14/2014                                                    11/25/2014 11:56

                         --- PROCESSING OPTIONS ---  

                      Plot option         = Graphics device   
                      Basin char output   = WATSTORE      
                      Print option        = Yes
                      Debug print         = No 
                      Input peaks listing = Long 
                      Input peaks format  = WATSTORE peak file  

                      Input files used:
                         peaks (ascii)  - V:\CDOT_Flood_Frequency\PeakFQ\Input_files\06687000\paleo\06687000.TXT          
                         specifications - V:\CDOT_Flood_Frequency\PeakFQ\Input_files\06687000\paleo\PKFQWPSF.TMP          
                      Output file(s): 
                         main - V:\CDOT_Flood_Frequency\PeakFQ\Input_files\06687000\paleo\06687000.PRT          
                         bcd  - V:\CDOT_Flood_Frequency\PeakFQ\Input_files\06687000\paleo\0668                  
  
1


  Program PeakFq           U. S. GEOLOGICAL SURVEY             Seq.001.001
  Version 7.1         Annual peak flow frequency analysis      Run Date / Time
  3/14/2014                                                    11/25/2014 11:56
  
              Station - 06687000  BLUE CREEK NEAR LEWELLEN, NEBR.               


                     I N P U T   D A T A   S U M M A R Y

                Number of peaks in record            =       81
                Peaks not used in analysis           =        0
                Systematic peaks in analysis         =       81
                Historic peaks in analysis           =        0
                Beginning Year                       =     1664
                Ending Year                          =     2013
                Historical Period Length             =      350
                Generalized skew                     =    0.499
                     Standard error                  =    0.550
                     Mean Square error               =    0.303
                Skew option                          =   WEIGHTED  
                Gage base discharge                  =      0.0
                User supplied high outlier threshold =   --           
                User supplied PILF (LO) criterion    =   --           
                Plotting position parameter          =     0.00
                Type of analysis                            EMA
                PILF (LO) Test Method                      MGBT
                Perception Thresholds:
                     Begin     End       Low     High     Comment
                      1931    2013       0.0       INF     DEFAULT                                                                         
                      1664    1930    3970.0       INF     2014 NON-EXCEEDANCE BOUND                                                       
                      2012    2013    3970.0       INF     MISSING FROM NE DNR WEBSITE AND 2014 NON-EXCEE                                  
                Interval Data                    =   None Specified



  *********  NOTICE  --  Preliminary machine computations.        *********     
  *********  User responsible for assessment and interpretation.  *********     

    EMA001W-VARIANCE OF ESTIMATE WARNING, HISTORIC PERIOD > 2* SYS
    EMA002W-CONFIDENCE INTERVALS ARE NOT EXACT IF HISTORIC PERIOD > 0


                                        Kendall's Tau Parameters

                                                        MEDIAN   No. of
                                       TAU    P-VALUE    SLOPE   PEAKS
                                ---------------------------------------
             SYSTEMATIC RECORD     -0.328      0.000     -1.291    81


1


  Program PeakFq           U. S. GEOLOGICAL SURVEY             Seq.001.002
  Version 7.1         Annual peak flow frequency analysis      Run Date / Time
  3/14/2014                                                    11/25/2014 11:56
  
              Station - 06687000  BLUE CREEK NEAR LEWELLEN, NEBR.               


           ANNUAL FREQUENCY CURVE PARAMETERS -- LOG-PEARSON TYPE III 

                                    LOGARITHMIC         
                         -------------------------------
                                      STANDARD          
                            MEAN     DEVIATION     SKEW 
                         -------------------------------
 EMA W/O REG. INFO         2.3084      0.1841      1.166
 EMA W/REG. INFO           2.3086      0.1847      0.658

 EMA ESTIMATE OF MSE OF SKEW W/O REG. INFO (AT-SITE)      0.2410
 EMA ESTIMATE OF MSE OF SKEW W/SYSTEMATIC ONLY (AT-SITE)  0.1783



    ANNUAL FREQUENCY CURVE -- DISCHARGES AT SELECTED EXCEEDANCE PROBABILITIES

   ANNUAL   EMA W/    EMA W/O     <------ FOR EMA ESTIMATES ------->
EXCEEDANCE  REG INFO  REG INFO    VARIANCE  95% CONFIDENCE INTERVALS
PROBABILITY ESTIMATE  ESTIMATE     OF EST.       LOWER       UPPER

   0.9950      88.3     106.4      0.0022        70.3        108.3
   0.9900      93.1     109.0      0.0016        76.6        110.7
   0.9500     110.4     119.5      0.0006        96.8        122.3
   0.9000     122.6     128.0      0.0004       110.1        134.0
   0.8000     141.3     142.2      0.0004       129.0        154.7
   0.6667     163.8     160.6      0.0004       149.4        180.2
   0.5000     194.3     187.7      0.0005       175.9        215.6
   0.4292     209.6     201.9      0.0005       189.1        233.8
   0.2000     285.3     278.0      0.0008       253.6        330.9
   0.1000     358.5     359.1      0.0013       311.6        440.1
   0.0400     467.4     491.3      0.0025       389.8        638.6
   0.0200     561.6     615.7      0.0038       451.9        847.7
   0.0100     668.0     766.2      0.0056       517.3       1127.0
   0.0050     788.5     948.5      0.0078       586.5       1500.0
   0.0020     972.8    1250.       0.0115       684.6       2190.0
1


  Program PeakFq           U. S. GEOLOGICAL SURVEY             Seq.001.003
  Version 7.1         Annual peak flow frequency analysis      Run Date / Time
  3/14/2014                                                    11/25/2014 11:56
  
              Station - 06687000  BLUE CREEK NEAR LEWELLEN, NEBR.               


                       I N P U T   D A T A   L I S T I N G


    WATER       PEAK   PEAKFQ   <--- Intervals --->
     YEAR      VALUE    CODES     LOW         HIGH   REMARKS
     1931      200.0       
     1932      310.0       
     1933      296.0       
     1934      229.0       
     1935      553.0       
     1936      182.0       
     1937      493.0       
     1938      720.0       
     1939      182.0       
     1940      159.0       
     1941      685.0       
     1942      286.0       
     1943      136.0       
     1944      528.0       
     1945      161.0       
     1946      134.0       
     1947      313.0       
     1948      223.0       
     1949      254.0       
     1950      306.0       
     1951      281.0       
     1952      195.0       
     1953      309.0       
     1954      172.0       
     1955      206.0       
     1956      130.0       
     1957      287.0       
     1958      376.0       
     1959      154.0       
     1960      210.0       
     1961      179.0       
     1962      558.0       
     1963      170.0       
     1964      174.0       
     1965      186.0       
     1966      204.0       
     1967      172.0       
     1968      279.0       
     1969      221.0       
     1970      136.0       
     1971      133.0       
     1972      140.0       
     1973      144.0       
     1974      144.0       
     1975      146.0       
     1976      182.0       
     1977      224.0       
     1978      199.0       
     1979      480.0       
     1980      127.0       
     1981      197.0       
     1982      175.0       
     1983      280.0       
     1984      152.0       
     1985      274.0       
     1986      148.0       
     1987      394.0       
     1988      210.0       
     1989      116.0       
     1990      173.0       
     1991      135.0       
     1992      147.0       
     1993      163.0       
     1994      187.0       
     1995      177.0       
     1996      152.0       
     1997      174.0       
     1998      180.0       
     1999      159.0       
     2000      141.0       
     2001      189.0       
     2002      125.0       
     2003      170.0       
     2004      140.0       
     2005      141.0       
     2006      110.0       
     2007      213.0       
     2008      114.0       
     2009      176.0       
     2010      179.0       
     2011      149.0       


        Explanation of peak discharge qualification codes

       PeakFQ    NWIS
        CODE     CODE   DEFINITION

          D        3    Dam failure, non-recurrent flow anomaly
          G        8    Discharge greater than stated value
          X       3+8   Both of the above
          L        4    Discharge less than stated value
          K     6 OR C  Known effect of regulation or urbanization
          H        7    Historic peak

          -  Minus-flagged discharge -- Not used in computation
                -8888.0 -- No discharge value given
          -  Minus-flagged water year -- Historic peak used in computation



1


  Program PeakFq           U. S. GEOLOGICAL SURVEY             Seq.001.004
  Version 7.1         Annual peak flow frequency analysis      Run Date / Time
  3/14/2014                                                    11/25/2014 11:56
  
              Station - 06687000  BLUE CREEK NEAR LEWELLEN, NEBR.               


   EMPIRICAL FREQUENCY CURVES -- HIRSCH-STEDINGER PLOTTING POSITIONS

   WATER     RANKED      EMA         INTERVALS
    YEAR   DISCHARGE   ESTIMATE      LOW      HIGH
    1938      720.0     0.0121
    1941      685.0     0.0243
    1962      558.0     0.0365
    1935      553.0     0.0487
    1944      528.0     0.0609
    1937      493.0     0.0731
    1979      480.0     0.0853
    1987      394.0     0.0975
    1958      376.0     0.1097
    1947      313.0     0.1219
    1932      310.0     0.1341
    1953      309.0     0.1463
    1950      306.0     0.1585
    1933      296.0     0.1707
    1957      287.0     0.1829
    1942      286.0     0.1951
    1951      281.0     0.2073
    1983      280.0     0.2195
    1968      279.0     0.2317
    1985      274.0     0.2439
    1949      254.0     0.2561
    1934      229.0     0.2683
    1977      224.0     0.2805
    1948      223.0     0.2927
    1969      221.0     0.3049
    2007      213.0     0.3171
    1960      210.0     0.3414
    1988      210.0     0.3292
    1955      206.0     0.3536
    1966      204.0     0.3658
    1931      200.0     0.3780
    1978      199.0     0.3902
    1981      197.0     0.4024
    1952      195.0     0.4146
    2001      189.0     0.4268
    1994      187.0     0.4390
    1965      186.0     0.4512
    1936      182.0     0.4878
    1939      182.0     0.4756
    1976      182.0     0.4634
    1998      180.0     0.5000
    1961      179.0     0.5244
    2010      179.0     0.5122
    1995      177.0     0.5366
    2009      176.0     0.5488
    1982      175.0     0.5610
    1964      174.0     0.5854
    1997      174.0     0.5732
    1990      173.0     0.5976
    1954      172.0     0.6220
    1967      172.0     0.6098
    1963      170.0     0.6464
    2003      170.0     0.6342
    1993      163.0     0.6586
    1945      161.0     0.6708
    1940      159.0     0.6951
    1999      159.0     0.6829
    1959      154.0     0.7073
    1984      152.0     0.7317
    1996      152.0     0.7195
    2011      149.0     0.7439
    1986      148.0     0.7561
    1992      147.0     0.7683
    1975      146.0     0.7805
    1973      144.0     0.8049
    1974      144.0     0.7927
    2000      141.0     0.8293
    2005      141.0     0.8171
    1972      140.0     0.8537
    2004      140.0     0.8415
    1943      136.0     0.8781
    1970      136.0     0.8659
    1991      135.0     0.8903
    1946      134.0     0.9025
    1971      133.0     0.9147
    1956      130.0     0.9269
    1980      127.0     0.9391
    2002      125.0     0.9513
    1989      116.0     0.9635
    2008      114.0     0.9757
    2006      110.0     0.9879
1


  Program PeakFq           U. S. GEOLOGICAL SURVEY             Seq.001.005
  Version 7.1         Annual peak flow frequency analysis      Run Date / Time
  3/14/2014                                                    11/25/2014 11:56
  
              Station - 06687000  BLUE CREEK NEAR LEWELLEN, NEBR.               


                         EMA REPRESENTATION OF DATA

  WATER <----- OBSERVED-----><-------- EMA -------><-PERCEPTION THRESHOLDS->
   YEAR    Q_LOWER    Q_UPPER    Q_LOWER    Q_UPPER        LOWER       UPPER
   1664        0.0     3970.0        0.0     3970.0       3970.0        INF 
   1665        0.0     3970.0        0.0     3970.0       3970.0        INF 
   1666        0.0     3970.0        0.0     3970.0       3970.0        INF 
   1667        0.0     3970.0        0.0     3970.0       3970.0        INF 
   1668        0.0     3970.0        0.0     3970.0       3970.0        INF 
   1669        0.0     3970.0        0.0     3970.0       3970.0        INF 
   1670        0.0     3970.0        0.0     3970.0       3970.0        INF 
   1671        0.0     3970.0        0.0     3970.0       3970.0        INF 
   1672        0.0     3970.0        0.0     3970.0       3970.0        INF 
   1673        0.0     3970.0        0.0     3970.0       3970.0        INF 
   1674        0.0     3970.0        0.0     3970.0       3970.0        INF 
   1675        0.0     3970.0        0.0     3970.0       3970.0        INF 
   1676        0.0     3970.0        0.0     3970.0       3970.0        INF 
   1677        0.0     3970.0        0.0     3970.0       3970.0        INF 
   1678        0.0     3970.0        0.0     3970.0       3970.0        INF 
   1679        0.0     3970.0        0.0     3970.0       3970.0        INF 
   1680        0.0     3970.0        0.0     3970.0       3970.0        INF 
   1681        0.0     3970.0        0.0     3970.0       3970.0        INF 
   1682        0.0     3970.0        0.0     3970.0       3970.0        INF 
   1683        0.0     3970.0        0.0     3970.0       3970.0        INF 
   1684        0.0     3970.0        0.0     3970.0       3970.0        INF 
   1685        0.0     3970.0        0.0     3970.0       3970.0        INF 
   1686        0.0     3970.0        0.0     3970.0       3970.0        INF 
   1687        0.0     3970.0        0.0     3970.0       3970.0        INF 
   1688        0.0     3970.0        0.0     3970.0       3970.0        INF 
   1689        0.0     3970.0        0.0     3970.0       3970.0        INF 
   1690        0.0     3970.0        0.0     3970.0       3970.0        INF 
   1691        0.0     3970.0        0.0     3970.0       3970.0        INF 
   1692        0.0     3970.0        0.0     3970.0       3970.0        INF 
   1693        0.0     3970.0        0.0     3970.0       3970.0        INF 
   1694        0.0     3970.0        0.0     3970.0       3970.0        INF 
   1695        0.0     3970.0        0.0     3970.0       3970.0        INF 
   1696        0.0     3970.0        0.0     3970.0       3970.0        INF 
   1697        0.0     3970.0        0.0     3970.0       3970.0        INF 
   1698        0.0     3970.0        0.0     3970.0       3970.0        INF 
   1699        0.0     3970.0        0.0     3970.0       3970.0        INF 
   1700        0.0     3970.0        0.0     3970.0       3970.0        INF 
   1701        0.0     3970.0        0.0     3970.0       3970.0        INF 
   1702        0.0     3970.0        0.0     3970.0       3970.0        INF 
   1703        0.0     3970.0        0.0     3970.0       3970.0        INF 
   1704        0.0     3970.0        0.0     3970.0       3970.0        INF 
   1705        0.0     3970.0        0.0     3970.0       3970.0        INF 
   1706        0.0     3970.0        0.0     3970.0       3970.0        INF 
   1707        0.0     3970.0        0.0     3970.0       3970.0        INF 
   1708        0.0     3970.0        0.0     3970.0       3970.0        INF 
   1709        0.0     3970.0        0.0     3970.0       3970.0        INF 
   1710        0.0     3970.0        0.0     3970.0       3970.0        INF 
   1711        0.0     3970.0        0.0     3970.0       3970.0        INF 
   1712        0.0     3970.0        0.0     3970.0       3970.0        INF 
   1713        0.0     3970.0        0.0     3970.0       3970.0        INF 
   1714        0.0     3970.0        0.0     3970.0       3970.0        INF 
   1715        0.0     3970.0        0.0     3970.0       3970.0        INF 
   1716        0.0     3970.0        0.0     3970.0       3970.0        INF 
   1717        0.0     3970.0        0.0     3970.0       3970.0        INF 
   1718        0.0     3970.0        0.0     3970.0       3970.0        INF 
   1719        0.0     3970.0        0.0     3970.0       3970.0        INF 
   1720        0.0     3970.0        0.0     3970.0       3970.0        INF 
   1721        0.0     3970.0        0.0     3970.0       3970.0        INF 
   1722        0.0     3970.0        0.0     3970.0       3970.0        INF 
   1723        0.0     3970.0        0.0     3970.0       3970.0        INF 
   1724        0.0     3970.0        0.0     3970.0       3970.0        INF 
   1725        0.0     3970.0        0.0     3970.0       3970.0        INF 
   1726        0.0     3970.0        0.0     3970.0       3970.0        INF 
   1727        0.0     3970.0        0.0     3970.0       3970.0        INF 
   1728        0.0     3970.0        0.0     3970.0       3970.0        INF 
   1729        0.0     3970.0        0.0     3970.0       3970.0        INF 
   1730        0.0     3970.0        0.0     3970.0       3970.0        INF 
   1731        0.0     3970.0        0.0     3970.0       3970.0        INF 
   1732        0.0     3970.0        0.0     3970.0       3970.0        INF 
   1733        0.0     3970.0        0.0     3970.0       3970.0        INF 
   1734        0.0     3970.0        0.0     3970.0       3970.0        INF 
   1735        0.0     3970.0        0.0     3970.0       3970.0        INF 
   1736        0.0     3970.0        0.0     3970.0       3970.0        INF 
   1737        0.0     3970.0        0.0     3970.0       3970.0        INF 
   1738        0.0     3970.0        0.0     3970.0       3970.0        INF 
   1739        0.0     3970.0        0.0     3970.0       3970.0        INF 
   1740        0.0     3970.0        0.0     3970.0       3970.0        INF 
   1741        0.0     3970.0        0.0     3970.0       3970.0        INF 
   1742        0.0     3970.0        0.0     3970.0       3970.0        INF 
   1743        0.0     3970.0        0.0     3970.0       3970.0        INF 
   1744        0.0     3970.0        0.0     3970.0       3970.0        INF 
   1745        0.0     3970.0        0.0     3970.0       3970.0        INF 
   1746        0.0     3970.0        0.0     3970.0       3970.0        INF 
   1747        0.0     3970.0        0.0     3970.0       3970.0        INF 
   1748        0.0     3970.0        0.0     3970.0       3970.0        INF 
   1749        0.0     3970.0        0.0     3970.0       3970.0        INF 
   1750        0.0     3970.0        0.0     3970.0       3970.0        INF 
   1751        0.0     3970.0        0.0     3970.0       3970.0        INF 
   1752        0.0     3970.0        0.0     3970.0       3970.0        INF 
   1753        0.0     3970.0        0.0     3970.0       3970.0        INF 
   1754        0.0     3970.0        0.0     3970.0       3970.0        INF 
   1755        0.0     3970.0        0.0     3970.0       3970.0        INF 
   1756        0.0     3970.0        0.0     3970.0       3970.0        INF 
   1757        0.0     3970.0        0.0     3970.0       3970.0        INF 
   1758        0.0     3970.0        0.0     3970.0       3970.0        INF 
   1759        0.0     3970.0        0.0     3970.0       3970.0        INF 
   1760        0.0     3970.0        0.0     3970.0       3970.0        INF 
   1761        0.0     3970.0        0.0     3970.0       3970.0        INF 
   1762        0.0     3970.0        0.0     3970.0       3970.0        INF 
   1763        0.0     3970.0        0.0     3970.0       3970.0        INF 
   1764        0.0     3970.0        0.0     3970.0       3970.0        INF 
   1765        0.0     3970.0        0.0     3970.0       3970.0        INF 
   1766        0.0     3970.0        0.0     3970.0       3970.0        INF 
   1767        0.0     3970.0        0.0     3970.0       3970.0        INF 
   1768        0.0     3970.0        0.0     3970.0       3970.0        INF 
   1769        0.0     3970.0        0.0     3970.0       3970.0        INF 
   1770        0.0     3970.0        0.0     3970.0       3970.0        INF 
   1771        0.0     3970.0        0.0     3970.0       3970.0        INF 
   1772        0.0     3970.0        0.0     3970.0       3970.0        INF 
   1773        0.0     3970.0        0.0     3970.0       3970.0        INF 
   1774        0.0     3970.0        0.0     3970.0       3970.0        INF 
   1775        0.0     3970.0        0.0     3970.0       3970.0        INF 
   1776        0.0     3970.0        0.0     3970.0       3970.0        INF 
   1777        0.0     3970.0        0.0     3970.0       3970.0        INF 
   1778        0.0     3970.0        0.0     3970.0       3970.0        INF 
   1779        0.0     3970.0        0.0     3970.0       3970.0        INF 
   1780        0.0     3970.0        0.0     3970.0       3970.0        INF 
   1781        0.0     3970.0        0.0     3970.0       3970.0        INF 
   1782        0.0     3970.0        0.0     3970.0       3970.0        INF 
   1783        0.0     3970.0        0.0     3970.0       3970.0        INF 
   1784        0.0     3970.0        0.0     3970.0       3970.0        INF 
   1785        0.0     3970.0        0.0     3970.0       3970.0        INF 
   1786        0.0     3970.0        0.0     3970.0       3970.0        INF 
   1787        0.0     3970.0        0.0     3970.0       3970.0        INF 
   1788        0.0     3970.0        0.0     3970.0       3970.0        INF 
   1789        0.0     3970.0        0.0     3970.0       3970.0        INF 
   1790        0.0     3970.0        0.0     3970.0       3970.0        INF 
   1791        0.0     3970.0        0.0     3970.0       3970.0        INF 
   1792        0.0     3970.0        0.0     3970.0       3970.0        INF 
   1793        0.0     3970.0        0.0     3970.0       3970.0        INF 
   1794        0.0     3970.0        0.0     3970.0       3970.0        INF 
   1795        0.0     3970.0        0.0     3970.0       3970.0        INF 
   1796        0.0     3970.0        0.0     3970.0       3970.0        INF 
   1797        0.0     3970.0        0.0     3970.0       3970.0        INF 
   1798        0.0     3970.0        0.0     3970.0       3970.0        INF 
   1799        0.0     3970.0        0.0     3970.0       3970.0        INF 
   1800        0.0     3970.0        0.0     3970.0       3970.0        INF 
   1801        0.0     3970.0        0.0     3970.0       3970.0        INF 
   1802        0.0     3970.0        0.0     3970.0       3970.0        INF 
   1803        0.0     3970.0        0.0     3970.0       3970.0        INF 
   1804        0.0     3970.0        0.0     3970.0       3970.0        INF 
   1805        0.0     3970.0        0.0     3970.0       3970.0        INF 
   1806        0.0     3970.0        0.0     3970.0       3970.0        INF 
   1807        0.0     3970.0        0.0     3970.0       3970.0        INF 
   1808        0.0     3970.0        0.0     3970.0       3970.0        INF 
   1809        0.0     3970.0        0.0     3970.0       3970.0        INF 
   1810        0.0     3970.0        0.0     3970.0       3970.0        INF 
   1811        0.0     3970.0        0.0     3970.0       3970.0        INF 
   1812        0.0     3970.0        0.0     3970.0       3970.0        INF 
   1813        0.0     3970.0        0.0     3970.0       3970.0        INF 
   1814        0.0     3970.0        0.0     3970.0       3970.0        INF 
   1815        0.0     3970.0        0.0     3970.0       3970.0        INF 
   1816        0.0     3970.0        0.0     3970.0       3970.0        INF 
   1817        0.0     3970.0        0.0     3970.0       3970.0        INF 
   1818        0.0     3970.0        0.0     3970.0       3970.0        INF 
   1819        0.0     3970.0        0.0     3970.0       3970.0        INF 
   1820        0.0     3970.0        0.0     3970.0       3970.0        INF 
   1821        0.0     3970.0        0.0     3970.0       3970.0        INF 
   1822        0.0     3970.0        0.0     3970.0       3970.0        INF 
   1823        0.0     3970.0        0.0     3970.0       3970.0        INF 
   1824        0.0     3970.0        0.0     3970.0       3970.0        INF 
   1825        0.0     3970.0        0.0     3970.0       3970.0        INF 
   1826        0.0     3970.0        0.0     3970.0       3970.0        INF 
   1827        0.0     3970.0        0.0     3970.0       3970.0        INF 
   1828        0.0     3970.0        0.0     3970.0       3970.0        INF 
   1829        0.0     3970.0        0.0     3970.0       3970.0        INF 
   1830        0.0     3970.0        0.0     3970.0       3970.0        INF 
   1831        0.0     3970.0        0.0     3970.0       3970.0        INF 
   1832        0.0     3970.0        0.0     3970.0       3970.0        INF 
   1833        0.0     3970.0        0.0     3970.0       3970.0        INF 
   1834        0.0     3970.0        0.0     3970.0       3970.0        INF 
   1835        0.0     3970.0        0.0     3970.0       3970.0        INF 
   1836        0.0     3970.0        0.0     3970.0       3970.0        INF 
   1837        0.0     3970.0        0.0     3970.0       3970.0        INF 
   1838        0.0     3970.0        0.0     3970.0       3970.0        INF 
   1839        0.0     3970.0        0.0     3970.0       3970.0        INF 
   1840        0.0     3970.0        0.0     3970.0       3970.0        INF 
   1841        0.0     3970.0        0.0     3970.0       3970.0        INF 
   1842        0.0     3970.0        0.0     3970.0       3970.0        INF 
   1843        0.0     3970.0        0.0     3970.0       3970.0        INF 
   1844        0.0     3970.0        0.0     3970.0       3970.0        INF 
   1845        0.0     3970.0        0.0     3970.0       3970.0        INF 
   1846        0.0     3970.0        0.0     3970.0       3970.0        INF 
   1847        0.0     3970.0        0.0     3970.0       3970.0        INF 
   1848        0.0     3970.0        0.0     3970.0       3970.0        INF 
   1849        0.0     3970.0        0.0     3970.0       3970.0        INF 
   1850        0.0     3970.0        0.0     3970.0       3970.0        INF 
   1851        0.0     3970.0        0.0     3970.0       3970.0        INF 
   1852        0.0     3970.0        0.0     3970.0       3970.0        INF 
   1853        0.0     3970.0        0.0     3970.0       3970.0        INF 
   1854        0.0     3970.0        0.0     3970.0       3970.0        INF 
   1855        0.0     3970.0        0.0     3970.0       3970.0        INF 
   1856        0.0     3970.0        0.0     3970.0       3970.0        INF 
   1857        0.0     3970.0        0.0     3970.0       3970.0        INF 
   1858        0.0     3970.0        0.0     3970.0       3970.0        INF 
   1859        0.0     3970.0        0.0     3970.0       3970.0        INF 
   1860        0.0     3970.0        0.0     3970.0       3970.0        INF 
   1861        0.0     3970.0        0.0     3970.0       3970.0        INF 
   1862        0.0     3970.0        0.0     3970.0       3970.0        INF 
   1863        0.0     3970.0        0.0     3970.0       3970.0        INF 
   1864        0.0     3970.0        0.0     3970.0       3970.0        INF 
   1865        0.0     3970.0        0.0     3970.0       3970.0        INF 
   1866        0.0     3970.0        0.0     3970.0       3970.0        INF 
   1867        0.0     3970.0        0.0     3970.0       3970.0        INF 
   1868        0.0     3970.0        0.0     3970.0       3970.0        INF 
   1869        0.0     3970.0        0.0     3970.0       3970.0        INF 
   1870        0.0     3970.0        0.0     3970.0       3970.0        INF 
   1871        0.0     3970.0        0.0     3970.0       3970.0        INF 
   1872        0.0     3970.0        0.0     3970.0       3970.0        INF 
   1873        0.0     3970.0        0.0     3970.0       3970.0        INF 
   1874        0.0     3970.0        0.0     3970.0       3970.0        INF 
   1875        0.0     3970.0        0.0     3970.0       3970.0        INF 
   1876        0.0     3970.0        0.0     3970.0       3970.0        INF 
   1877        0.0     3970.0        0.0     3970.0       3970.0        INF 
   1878        0.0     3970.0        0.0     3970.0       3970.0        INF 
   1879        0.0     3970.0        0.0     3970.0       3970.0        INF 
   1880        0.0     3970.0        0.0     3970.0       3970.0        INF 
   1881        0.0     3970.0        0.0     3970.0       3970.0        INF 
   1882        0.0     3970.0        0.0     3970.0       3970.0        INF 
   1883        0.0     3970.0        0.0     3970.0       3970.0        INF 
   1884        0.0     3970.0        0.0     3970.0       3970.0        INF 
   1885        0.0     3970.0        0.0     3970.0       3970.0        INF 
   1886        0.0     3970.0        0.0     3970.0       3970.0        INF 
   1887        0.0     3970.0        0.0     3970.0       3970.0        INF 
   1888        0.0     3970.0        0.0     3970.0       3970.0        INF 
   1889        0.0     3970.0        0.0     3970.0       3970.0        INF 
   1890        0.0     3970.0        0.0     3970.0       3970.0        INF 
   1891        0.0     3970.0        0.0     3970.0       3970.0        INF 
   1892        0.0     3970.0        0.0     3970.0       3970.0        INF 
   1893        0.0     3970.0        0.0     3970.0       3970.0        INF 
   1894        0.0     3970.0        0.0     3970.0       3970.0        INF 
   1895        0.0     3970.0        0.0     3970.0       3970.0        INF 
   1896        0.0     3970.0        0.0     3970.0       3970.0        INF 
   1897        0.0     3970.0        0.0     3970.0       3970.0        INF 
   1898        0.0     3970.0        0.0     3970.0       3970.0        INF 
   1899        0.0     3970.0        0.0     3970.0       3970.0        INF 
   1900        0.0     3970.0        0.0     3970.0       3970.0        INF 
   1901        0.0     3970.0        0.0     3970.0       3970.0        INF 
   1902        0.0     3970.0        0.0     3970.0       3970.0        INF 
   1903        0.0     3970.0        0.0     3970.0       3970.0        INF 
   1904        0.0     3970.0        0.0     3970.0       3970.0        INF 
   1905        0.0     3970.0        0.0     3970.0       3970.0        INF 
   1906        0.0     3970.0        0.0     3970.0       3970.0        INF 
   1907        0.0     3970.0        0.0     3970.0       3970.0        INF 
   1908        0.0     3970.0        0.0     3970.0       3970.0        INF 
   1909        0.0     3970.0        0.0     3970.0       3970.0        INF 
   1910        0.0     3970.0        0.0     3970.0       3970.0        INF 
   1911        0.0     3970.0        0.0     3970.0       3970.0        INF 
   1912        0.0     3970.0        0.0     3970.0       3970.0        INF 
   1913        0.0     3970.0        0.0     3970.0       3970.0        INF 
   1914        0.0     3970.0        0.0     3970.0       3970.0        INF 
   1915        0.0     3970.0        0.0     3970.0       3970.0        INF 
   1916        0.0     3970.0        0.0     3970.0       3970.0        INF 
   1917        0.0     3970.0        0.0     3970.0       3970.0        INF 
   1918        0.0     3970.0        0.0     3970.0       3970.0        INF 
   1919        0.0     3970.0        0.0     3970.0       3970.0        INF 
   1920        0.0     3970.0        0.0     3970.0       3970.0        INF 
   1921        0.0     3970.0        0.0     3970.0       3970.0        INF 
   1922        0.0     3970.0        0.0     3970.0       3970.0        INF 
   1923        0.0     3970.0        0.0     3970.0       3970.0        INF 
   1924        0.0     3970.0        0.0     3970.0       3970.0        INF 
   1925        0.0     3970.0        0.0     3970.0       3970.0        INF 
   1926        0.0     3970.0        0.0     3970.0       3970.0        INF 
   1927        0.0     3970.0        0.0     3970.0       3970.0        INF 
   1928        0.0     3970.0        0.0     3970.0       3970.0        INF 
   1929        0.0     3970.0        0.0     3970.0       3970.0        INF 
   1930        0.0     3970.0        0.0     3970.0       3970.0        INF 
   1931      200.0      200.0      200.0      200.0          0.0        INF 
   1932      310.0      310.0      310.0      310.0          0.0        INF 
   1933      296.0      296.0      296.0      296.0          0.0        INF 
   1934      229.0      229.0      229.0      229.0          0.0        INF 
   1935      553.0      553.0      553.0      553.0          0.0        INF 
   1936      182.0      182.0      182.0      182.0          0.0        INF 
   1937      493.0      493.0      493.0      493.0          0.0        INF 
   1938      720.0      720.0      720.0      720.0          0.0        INF 
   1939      182.0      182.0      182.0      182.0          0.0        INF 
   1940      159.0      159.0      159.0      159.0          0.0        INF 
   1941      685.0      685.0      685.0      685.0          0.0        INF 
   1942      286.0      286.0      286.0      286.0          0.0        INF 
   1943      136.0      136.0      136.0      136.0          0.0        INF 
   1944      528.0      528.0      528.0      528.0          0.0        INF 
   1945      161.0      161.0      161.0      161.0          0.0        INF 
   1946      134.0      134.0      134.0      134.0          0.0        INF 
   1947      313.0      313.0      313.0      313.0          0.0        INF 
   1948      223.0      223.0      223.0      223.0          0.0        INF 
   1949      254.0      254.0      254.0      254.0          0.0        INF 
   1950      306.0      306.0      306.0      306.0          0.0        INF 
   1951      281.0      281.0      281.0      281.0          0.0        INF 
   1952      195.0      195.0      195.0      195.0          0.0        INF 
   1953      309.0      309.0      309.0      309.0          0.0        INF 
   1954      172.0      172.0      172.0      172.0          0.0        INF 
   1955      206.0      206.0      206.0      206.0          0.0        INF 
   1956      130.0      130.0      130.0      130.0          0.0        INF 
   1957      287.0      287.0      287.0      287.0          0.0        INF 
   1958      376.0      376.0      376.0      376.0          0.0        INF 
   1959      154.0      154.0      154.0      154.0          0.0        INF 
   1960      210.0      210.0      210.0      210.0          0.0        INF 
   1961      179.0      179.0      179.0      179.0          0.0        INF 
   1962      558.0      558.0      558.0      558.0          0.0        INF 
   1963      170.0      170.0      170.0      170.0          0.0        INF 
   1964      174.0      174.0      174.0      174.0          0.0        INF 
   1965      186.0      186.0      186.0      186.0          0.0        INF 
   1966      204.0      204.0      204.0      204.0          0.0        INF 
   1967      172.0      172.0      172.0      172.0          0.0        INF 
   1968      279.0      279.0      279.0      279.0          0.0        INF 
   1969      221.0      221.0      221.0      221.0          0.0        INF 
   1970      136.0      136.0      136.0      136.0          0.0        INF 
   1971      133.0      133.0      133.0      133.0          0.0        INF 
   1972      140.0      140.0      140.0      140.0          0.0        INF 
   1973      144.0      144.0      144.0      144.0          0.0        INF 
   1974      144.0      144.0      144.0      144.0          0.0        INF 
   1975      146.0      146.0      146.0      146.0          0.0        INF 
   1976      182.0      182.0      182.0      182.0          0.0        INF 
   1977      224.0      224.0      224.0      224.0          0.0        INF 
   1978      199.0      199.0      199.0      199.0          0.0        INF 
   1979      480.0      480.0      480.0      480.0          0.0        INF 
   1980      127.0      127.0      127.0      127.0          0.0        INF 
   1981      197.0      197.0      197.0      197.0          0.0        INF 
   1982      175.0      175.0      175.0      175.0          0.0        INF 
   1983      280.0      280.0      280.0      280.0          0.0        INF 
   1984      152.0      152.0      152.0      152.0          0.0        INF 
   1985      274.0      274.0      274.0      274.0          0.0        INF 
   1986      148.0      148.0      148.0      148.0          0.0        INF 
   1987      394.0      394.0      394.0      394.0          0.0        INF 
   1988      210.0      210.0      210.0      210.0          0.0        INF 
   1989      116.0      116.0      116.0      116.0          0.0        INF 
   1990      173.0      173.0      173.0      173.0          0.0        INF 
   1991      135.0      135.0      135.0      135.0          0.0        INF 
   1992      147.0      147.0      147.0      147.0          0.0        INF 
   1993      163.0      163.0      163.0      163.0          0.0        INF 
   1994      187.0      187.0      187.0      187.0          0.0        INF 
   1995      177.0      177.0      177.0      177.0          0.0        INF 
   1996      152.0      152.0      152.0      152.0          0.0        INF 
   1997      174.0      174.0      174.0      174.0          0.0        INF 
   1998      180.0      180.0      180.0      180.0          0.0        INF 
   1999      159.0      159.0      159.0      159.0          0.0        INF 
   2000      141.0      141.0      141.0      141.0          0.0        INF 
   2001      189.0      189.0      189.0      189.0          0.0        INF 
   2002      125.0      125.0      125.0      125.0          0.0        INF 
   2003      170.0      170.0      170.0      170.0          0.0        INF 
   2004      140.0      140.0      140.0      140.0          0.0        INF 
   2005      141.0      141.0      141.0      141.0          0.0        INF 
   2006      110.0      110.0      110.0      110.0          0.0        INF 
   2007      213.0      213.0      213.0      213.0          0.0        INF 
   2008      114.0      114.0      114.0      114.0          0.0        INF 
   2009      176.0      176.0      176.0      176.0          0.0        INF 
   2010      179.0      179.0      179.0      179.0          0.0        INF 
   2011      149.0      149.0      149.0      149.0          0.0        INF 
   2012        0.0     3970.0        0.0     3970.0       3970.0        INF 
   2013        0.0     3970.0        0.0     3970.0       3970.0        INF 
1



 End PeakFQ analysis.
   Stations processed :       1
   Number of errors   :       0
   Stations skipped   :       0
   Station years      :      81


Data records may have been ignored for the stations listed below.               
(Card type must be Y, Z, N, H, I, 2, 3, 4,  or *.)                              
(2, 4, and * records are ignored.)                                              
                                                                                
 For the station below, the following records were ignored:                     
                                                                                
 FINISHED PROCESSING STATION:  06687000       USGS BLUE CREEK NEAR LEWELLEN, NEB
                                                                                
                                                                                
 For the station below, the following records were ignored:                     
                                                                                
 FINISHED PROCESSING STATION:                                                   
                                                                                
