1
  Program PeakFq           U. S. GEOLOGICAL SURVEY             Seq.002.000
  Version 7.1         Annual peak flow frequency analysis      Run Date / Time
  3/14/2014                                                    06/24/2014 08:37

                         --- PROCESSING OPTIONS ---  

                      Plot option         = Graphics device   
                      Basin char output   = WATSTORE      
                      Print option        = Yes
                      Debug print         = No 
                      Input peaks listing = Long 
                      Input peaks format  = WATSTORE peak file  

                      Input files used:
                         peaks (ascii)  - C:\Users\mkohn\Desktop\no_paleo\06712000.TXT                                    
                         specifications - C:\Users\mkohn\Desktop\no_paleo\PKFQWPSF.TMP                                    
                      Output file(s): 
                         main - C:\Users\mkohn\Desktop\no_paleo\06712000.PRT                                    
                         bcd  - C:\Users\mkohn\Desktop\no_paleo\06712000.BCD                                    
  
1


  Program PeakFq           U. S. GEOLOGICAL SURVEY             Seq.001.001
  Version 7.1         Annual peak flow frequency analysis      Run Date / Time
  3/14/2014                                                    06/24/2014 08:37
  
              Station - 06712000  CHERRY CREEK NEAR FRANKTOWN, CO.              


                     I N P U T   D A T A   S U M M A R Y

                Number of peaks in record            =       74
                Peaks not used in analysis           =        0
                Systematic peaks in analysis         =       74
                Historic peaks in analysis           =        0
                Beginning Year                       =     1940
                Ending Year                          =     2013
                Historical Period Length             =       74
                Generalized skew                     =   -0.116
                     Standard error                  =    0.550
                     Mean Square error               =    0.303
                Skew option                          =   WEIGHTED  
                Gage base discharge                  =      0.0
                User supplied high outlier threshold =   --           
                User supplied PILF (LO) criterion    =   --           
                Plotting position parameter          =     0.00
                Type of analysis                            EMA
                PILF (LO) Test Method                      MGBT
                Perception Thresholds:
                     Begin     End       Low     High     Comment
                      1940    2013       0.0       INF     DEFAULT                                                                         
                Interval Data                    =   None Specified



  *********  NOTICE  --  Preliminary machine computations.        *********     
  *********  User responsible for assessment and interpretation.  *********     

    WCF002J-CALCS COMPLETED.  RETURN CODE =  2
    EMA002W-CONFIDENCE INTERVALS ARE NOT EXACT IF HISTORIC PERIOD > 0


                                        Kendall's Tau Parameters

                                                        MEDIAN   No. of
                                       TAU    P-VALUE    SLOPE   PEAKS
                                ---------------------------------------
             SYSTEMATIC RECORD     -0.122      0.125     -5.830    74


1


  Program PeakFq           U. S. GEOLOGICAL SURVEY             Seq.001.002
  Version 7.1         Annual peak flow frequency analysis      Run Date / Time
  3/14/2014                                                    06/24/2014 08:37
  
              Station - 06712000  CHERRY CREEK NEAR FRANKTOWN, CO.              


           ANNUAL FREQUENCY CURVE PARAMETERS -- LOG-PEARSON TYPE III 

                                    LOGARITHMIC         
                         -------------------------------
                                      STANDARD          
                            MEAN     DEVIATION     SKEW 
                         -------------------------------
 EMA W/O REG. INFO         2.8123      0.5762     -0.118
 EMA W/REG. INFO           2.8123      0.5762     -0.118

 EMA ESTIMATE OF MSE OF SKEW W/O REG. INFO (AT-SITE)      0.0775
 EMA ESTIMATE OF MSE OF SKEW W/SYSTEMATIC ONLY (AT-SITE)  0.0775



    ANNUAL FREQUENCY CURVE -- DISCHARGES AT SELECTED EXCEEDANCE PROBABILITIES

   ANNUAL   EMA W/    EMA W/O     <------ FOR EMA ESTIMATES ------->
EXCEEDANCE  REG INFO  REG INFO    VARIANCE  95% CONFIDENCE INTERVALS
PROBABILITY ESTIMATE  ESTIMATE     OF EST.       LOWER       UPPER

   0.9950      18.4      18.4      0.0416         4.6         37.2
   0.9900      26.4      26.4      0.0308         8.3         49.0
   0.9500      70.1      70.1      0.0135        35.1        109.1
   0.9000     116.7     116.7      0.0092        68.9        171.6
   0.8000     214.2     214.2      0.0065       142.8        302.3
   0.6667     374.5     374.5      0.0054       263.5        519.3
   0.5000     666.2     666.2      0.0050       480.1        921.2
   0.4292     843.2     843.3      0.0050       610.4       1169.0
   0.2000    1996.     1996.       0.0057      1436.0       2892.0
   0.1000    3492.     3492.       0.0075      2445.0       5548.0
   0.0400    6270.     6269.       0.0119      4132.0      11860.0
   0.0200    9098.     9095.       0.0168      5628.0      19990.0
   0.0100   12670.    12660.       0.0234      7276.0      32510.0
   0.0050   17090.    17080.       0.0314      9048.0      51490.0
   0.0020   24460.    24450.       0.0445     11540.0      91620.0
1


  Program PeakFq           U. S. GEOLOGICAL SURVEY             Seq.001.003
  Version 7.1         Annual peak flow frequency analysis      Run Date / Time
  3/14/2014                                                    06/24/2014 08:37
  
              Station - 06712000  CHERRY CREEK NEAR FRANKTOWN, CO.              


                       I N P U T   D A T A   L I S T I N G


    WATER       PEAK   PEAKFQ   <--- Intervals --->
     YEAR      VALUE    CODES     LOW         HIGH   REMARKS
     1940     2000.0       
     1941     4700.0       
     1942     3620.0       
     1943      198.0       
     1944      390.0       
     1945     9170.0       
     1946     1470.0       
     1947      928.0       
     1948     1220.0       
     1949     1080.0       
     1950      146.0       
     1951       81.0       
     1952     1350.0       
     1953      455.0       
     1954     2620.0       
     1955      790.0       
     1956     3380.0       
     1957     5380.0       
     1958      152.0       
     1959      156.0       
     1960     2340.0       
     1961     3410.0       
     1962       68.0       
     1963      815.0       
     1964      400.0       
     1965     1730.0       
     1966     2250.0       
     1967      492.0       
     1968      149.0       
     1969      192.0       
     1970      198.0       
     1971      216.0       
     1972     1920.0       
     1973     4670.0       
     1974      568.0       
     1975       71.0       
     1976     2580.0       
     1977      376.0       
     1978     1020.0       
     1979     1950.0       
     1980      309.0       
     1981       92.0       
     1982     1430.0       
     1983      959.0       
     1984     1720.0       
     1985      742.0       
     1986       76.0       
     1987     1040.0       
     1988      338.0       
     1989       54.0       
     1990      825.0       
     1991      745.0       
     1992      303.0       
     1993      209.0       
     1994      139.0       
     1995      200.0       
     1996     1460.0       
     1997     1800.0       
     1998     1190.0       
     1999     1290.0       
     2000      181.0       
     2001      262.0       
     2002     5310.0       
     2003      350.0       
     2004     2260.0       
     2005      231.0       
     2006     6090.0       
     2007     1120.0       
     2008      744.0       
     2009     4370.0       
     2010      315.0       
     2011       61.0       
     2012      524.0       
     2013       49.0       


        Explanation of peak discharge qualification codes

       PeakFQ    NWIS
        CODE     CODE   DEFINITION

          D        3    Dam failure, non-recurrent flow anomaly
          G        8    Discharge greater than stated value
          X       3+8   Both of the above
          L        4    Discharge less than stated value
          K     6 OR C  Known effect of regulation or urbanization
          H        7    Historic peak

          -  Minus-flagged discharge -- Not used in computation
                -8888.0 -- No discharge value given
          -  Minus-flagged water year -- Historic peak used in computation



1


  Program PeakFq           U. S. GEOLOGICAL SURVEY             Seq.001.004
  Version 7.1         Annual peak flow frequency analysis      Run Date / Time
  3/14/2014                                                    06/24/2014 08:37
  
              Station - 06712000  CHERRY CREEK NEAR FRANKTOWN, CO.              


   EMPIRICAL FREQUENCY CURVES -- HIRSCH-STEDINGER PLOTTING POSITIONS

   WATER     RANKED      EMA         INTERVALS
    YEAR   DISCHARGE   ESTIMATE      LOW      HIGH
    1945     9170.0     0.0133
    2006     6090.0     0.0266
    1957     5380.0     0.0399
    2002     5310.0     0.0533
    1941     4700.0     0.0666
    1973     4670.0     0.0799
    2009     4370.0     0.0933
    1942     3620.0     0.1066
    1961     3410.0     0.1200
    1956     3380.0     0.1333
    1954     2620.0     0.1466
    1976     2580.0     0.1600
    1960     2340.0     0.1733
    2004     2260.0     0.1866
    1966     2250.0     0.2000
    1940     2000.0     0.2133
    1979     1950.0     0.2266
    1972     1920.0     0.2400
    1997     1800.0     0.2533
    1965     1730.0     0.2666
    1984     1720.0     0.2800
    1946     1470.0     0.2933
    1996     1460.0     0.3066
    1982     1430.0     0.3200
    1952     1350.0     0.3333
    1999     1290.0     0.3466
    1948     1220.0     0.3600
    1998     1190.0     0.3733
    2007     1120.0     0.3867
    1949     1080.0     0.4000
    1987     1040.0     0.4133
    1978     1020.0     0.4267
    1983      959.0     0.4400
    1947      928.0     0.4533
    1990      825.0     0.4667
    1963      815.0     0.4800
    1955      790.0     0.4933
    1991      745.0     0.5067
    2008      744.0     0.5200
    1985      742.0     0.5333
    1974      568.0     0.5467
    2012      524.0     0.5600
    1967      492.0     0.5733
    1953      455.0     0.5867
    1964      400.0     0.6000
    1944      390.0     0.6133
    1977      376.0     0.6267
    2003      350.0     0.6400
    1988      338.0     0.6534
    2010      315.0     0.6667
    1980      309.0     0.6800
    1992      303.0     0.6934
    2001      262.0     0.7067
    2005      231.0     0.7200
    1971      216.0     0.7334
    1993      209.0     0.7467
    1995      200.0     0.7600
    1943      198.0     0.7867
    1970      198.0     0.7734
    1969      192.0     0.8000
    2000      181.0     0.8134
    1959      156.0     0.8267
    1958      152.0     0.8400
    1968      149.0     0.8534
    1950      146.0     0.8667
    1994      139.0     0.8800
    1981       92.0     0.8934
    1951       81.0     0.9067
    1986       76.0     0.9201
    1975       71.0     0.9334
    1962       68.0     0.9467
    2011       61.0     0.9601
    1989       54.0     0.9734
    2013       49.0     0.9867
1


  Program PeakFq           U. S. GEOLOGICAL SURVEY             Seq.001.005
  Version 7.1         Annual peak flow frequency analysis      Run Date / Time
  3/14/2014                                                    06/24/2014 08:37
  
              Station - 06712000  CHERRY CREEK NEAR FRANKTOWN, CO.              


                         EMA REPRESENTATION OF DATA

  WATER <----- OBSERVED-----><-------- EMA -------><-PERCEPTION THRESHOLDS->
   YEAR    Q_LOWER    Q_UPPER    Q_LOWER    Q_UPPER        LOWER       UPPER
   1940     2000.0     2000.0     2000.0     2000.0          0.0        INF 
   1941     4700.0     4700.0     4700.0     4700.0          0.0        INF 
   1942     3620.0     3620.0     3620.0     3620.0          0.0        INF 
   1943      198.0      198.0      198.0      198.0          0.0        INF 
   1944      390.0      390.0      390.0      390.0          0.0        INF 
   1945     9170.0     9170.0     9170.0     9170.0          0.0        INF 
   1946     1470.0     1470.0     1470.0     1470.0          0.0        INF 
   1947      928.0      928.0      928.0      928.0          0.0        INF 
   1948     1220.0     1220.0     1220.0     1220.0          0.0        INF 
   1949     1080.0     1080.0     1080.0     1080.0          0.0        INF 
   1950      146.0      146.0      146.0      146.0          0.0        INF 
   1951       81.0       81.0       81.0       81.0          0.0        INF 
   1952     1350.0     1350.0     1350.0     1350.0          0.0        INF 
   1953      455.0      455.0      455.0      455.0          0.0        INF 
   1954     2620.0     2620.0     2620.0     2620.0          0.0        INF 
   1955      790.0      790.0      790.0      790.0          0.0        INF 
   1956     3380.0     3380.0     3380.0     3380.0          0.0        INF 
   1957     5380.0     5380.0     5380.0     5380.0          0.0        INF 
   1958      152.0      152.0      152.0      152.0          0.0        INF 
   1959      156.0      156.0      156.0      156.0          0.0        INF 
   1960     2340.0     2340.0     2340.0     2340.0          0.0        INF 
   1961     3410.0     3410.0     3410.0     3410.0          0.0        INF 
   1962       68.0       68.0       68.0       68.0          0.0        INF 
   1963      815.0      815.0      815.0      815.0          0.0        INF 
   1964      400.0      400.0      400.0      400.0          0.0        INF 
   1965     1730.0     1730.0     1730.0     1730.0          0.0        INF 
   1966     2250.0     2250.0     2250.0     2250.0          0.0        INF 
   1967      492.0      492.0      492.0      492.0          0.0        INF 
   1968      149.0      149.0      149.0      149.0          0.0        INF 
   1969      192.0      192.0      192.0      192.0          0.0        INF 
   1970      198.0      198.0      198.0      198.0          0.0        INF 
   1971      216.0      216.0      216.0      216.0          0.0        INF 
   1972     1920.0     1920.0     1920.0     1920.0          0.0        INF 
   1973     4670.0     4670.0     4670.0     4670.0          0.0        INF 
   1974      568.0      568.0      568.0      568.0          0.0        INF 
   1975       71.0       71.0       71.0       71.0          0.0        INF 
   1976     2580.0     2580.0     2580.0     2580.0          0.0        INF 
   1977      376.0      376.0      376.0      376.0          0.0        INF 
   1978     1020.0     1020.0     1020.0     1020.0          0.0        INF 
   1979     1950.0     1950.0     1950.0     1950.0          0.0        INF 
   1980      309.0      309.0      309.0      309.0          0.0        INF 
   1981       92.0       92.0       92.0       92.0          0.0        INF 
   1982     1430.0     1430.0     1430.0     1430.0          0.0        INF 
   1983      959.0      959.0      959.0      959.0          0.0        INF 
   1984     1720.0     1720.0     1720.0     1720.0          0.0        INF 
   1985      742.0      742.0      742.0      742.0          0.0        INF 
   1986       76.0       76.0       76.0       76.0          0.0        INF 
   1987     1040.0     1040.0     1040.0     1040.0          0.0        INF 
   1988      338.0      338.0      338.0      338.0          0.0        INF 
   1989       54.0       54.0       54.0       54.0          0.0        INF 
   1990      825.0      825.0      825.0      825.0          0.0        INF 
   1991      745.0      745.0      745.0      745.0          0.0        INF 
   1992      303.0      303.0      303.0      303.0          0.0        INF 
   1993      209.0      209.0      209.0      209.0          0.0        INF 
   1994      139.0      139.0      139.0      139.0          0.0        INF 
   1995      200.0      200.0      200.0      200.0          0.0        INF 
   1996     1460.0     1460.0     1460.0     1460.0          0.0        INF 
   1997     1800.0     1800.0     1800.0     1800.0          0.0        INF 
   1998     1190.0     1190.0     1190.0     1190.0          0.0        INF 
   1999     1290.0     1290.0     1290.0     1290.0          0.0        INF 
   2000      181.0      181.0      181.0      181.0          0.0        INF 
   2001      262.0      262.0      262.0      262.0          0.0        INF 
   2002     5310.0     5310.0     5310.0     5310.0          0.0        INF 
   2003      350.0      350.0      350.0      350.0          0.0        INF 
   2004     2260.0     2260.0     2260.0     2260.0          0.0        INF 
   2005      231.0      231.0      231.0      231.0          0.0        INF 
   2006     6090.0     6090.0     6090.0     6090.0          0.0        INF 
   2007     1120.0     1120.0     1120.0     1120.0          0.0        INF 
   2008      744.0      744.0      744.0      744.0          0.0        INF 
   2009     4370.0     4370.0     4370.0     4370.0          0.0        INF 
   2010      315.0      315.0      315.0      315.0          0.0        INF 
   2011       61.0       61.0       61.0       61.0          0.0        INF 
   2012      524.0      524.0      524.0      524.0          0.0        INF 
   2013       49.0       49.0       49.0       49.0          0.0        INF 
1



 End PeakFQ analysis.
   Stations processed :       1
   Number of errors   :       0
   Stations skipped   :       0
   Station years      :      74


Data records may have been ignored for the stations listed below.               
(Card type must be Y, Z, N, H, I, 2, 3, 4,  or *.)                              
(2, 4, and * records are ignored.)                                              
                                                                                
 For the station below, the following records were ignored:                     
                                                                                
 FINISHED PROCESSING STATION:  06712000       USGS CHERRY CREEK NEAR FRANKTOWN, 
                                                                                
                                                                                
 For the station below, the following records were ignored:                     
                                                                                
 FINISHED PROCESSING STATION:                                                   
                                                                                
