1
  Program PeakFq           U. S. GEOLOGICAL SURVEY             Seq.002.000
  Version 7.1         Annual peak flow frequency analysis      Run Date / Time
  3/14/2014                                                    11/25/2014 13:51

                         --- PROCESSING OPTIONS ---  

                      Plot option         = Graphics device   
                      Basin char output   = WATSTORE      
                      Print option        = Yes
                      Debug print         = No 
                      Input peaks listing = Long 
                      Input peaks format  = WATSTORE peak file  

                      Input files used:
                         peaks (ascii)  - V:\CDOT_Flood_Frequency\PeakFQ\Input_files\06835100\paleo\06835100.TXT          
                         specifications - V:\CDOT_Flood_Frequency\PeakFQ\Input_files\06835100\paleo\PKFQWPSF.TMP          
                      Output file(s): 
                         main - V:\CDOT_Flood_Frequency\PeakFQ\Input_files\06835100\paleo\06835100.PRT          
                         bcd  - V:\CDOT_Flood_Frequency\PeakFQ\Input_files\06835100\paleo\0683                  
  
1


  Program PeakFq           U. S. GEOLOGICAL SURVEY             Seq.001.001
  Version 7.1         Annual peak flow frequency analysis      Run Date / Time
  3/14/2014                                                    11/25/2014 13:51
  
             Station - 06835100  BOBTAIL CREEK NEAR PALISADE, NEBR.             


                     I N P U T   D A T A   S U M M A R Y

                Number of peaks in record            =       13
                Peaks not used in analysis           =        0
                Systematic peaks in analysis         =       13
                Historic peaks in analysis           =        0
                Beginning Year                       =     1664
                Ending Year                          =     2013
                Historical Period Length             =      350
                Generalized skew                     =    0.172
                     Standard error                  =    0.550
                     Mean Square error               =    0.303
                Skew option                          =   WEIGHTED  
                Gage base discharge                  =      0.0
                User supplied high outlier threshold =   --           
                User supplied PILF (LO) criterion    =   --           
                Plotting position parameter          =     0.00
                Type of analysis                            EMA
                PILF (LO) Test Method                      MGBT
                Perception Thresholds:
                     Begin     End       Low     High     Comment
                      1664    2013       0.0       INF     DEFAULT                                                                         
                      1664    1965   15200.0       INF     2014 NON-EXCEEDANCE BOUND                                                       
                      1979    2013   15200.0       INF     2014 NON-EXCEEDANCE BOUND                                                       
                Interval Data                    =   None Specified



  *********  NOTICE  --  Preliminary machine computations.        *********     
  *********  User responsible for assessment and interpretation.  *********     

    EMA001W-VARIANCE OF ESTIMATE WARNING, HISTORIC PERIOD > 2* SYS
    EMA002W-CONFIDENCE INTERVALS ARE NOT EXACT IF HISTORIC PERIOD > 0


                                        Kendall's Tau Parameters

                                                        MEDIAN   No. of
                                       TAU    P-VALUE    SLOPE   PEAKS
                                ---------------------------------------
             SYSTEMATIC RECORD     -0.167      0.463    -20.500    13


1


  Program PeakFq           U. S. GEOLOGICAL SURVEY             Seq.001.002
  Version 7.1         Annual peak flow frequency analysis      Run Date / Time
  3/14/2014                                                    11/25/2014 13:51
  
             Station - 06835100  BOBTAIL CREEK NEAR PALISADE, NEBR.             


           ANNUAL FREQUENCY CURVE PARAMETERS -- LOG-PEARSON TYPE III 

                                    LOGARITHMIC         
                         -------------------------------
                                      STANDARD          
                            MEAN     DEVIATION     SKEW 
                         -------------------------------
 EMA W/O REG. INFO         2.5065      0.5188      0.342
 EMA W/REG. INFO           2.5175      0.5393      0.192

 EMA ESTIMATE OF MSE OF SKEW W/O REG. INFO (AT-SITE)      0.1843
 EMA ESTIMATE OF MSE OF SKEW W/SYSTEMATIC ONLY (AT-SITE)  0.3985



    ANNUAL FREQUENCY CURVE -- DISCHARGES AT SELECTED EXCEEDANCE PROBABILITIES

   ANNUAL   EMA W/    EMA W/O     <------ FOR EMA ESTIMATES ------->
EXCEEDANCE  REG INFO  REG INFO    VARIANCE  95% CONFIDENCE INTERVALS
PROBABILITY ESTIMATE  ESTIMATE     OF EST.       LOWER       UPPER

   0.9950      16.8      21.7      0.0980         1.2         46.3
   0.9900      21.9      27.0      0.0777         2.2         54.9
   0.9500      45.8      50.9      0.0425         9.7         98.1
   0.9000      68.9      73.0      0.0327        20.4        143.4
   0.8000     114.6     115.8      0.0264        45.4        237.5
   0.6667     186.8     182.1      0.0241        85.3        387.3
   0.5000     316.4     299.9      0.0238       152.1        655.4
   0.4292     395.2     371.5      0.0240       191.1        817.6
   0.2000     923.9     855.6      0.0253       436.3       1892.0
   0.1000    1655.     1540.       0.0266       745.5       3343.0
   0.0400    3136.     2970.       0.0289      1301.0       6298.0
   0.0200    4786.     4619.       0.0316      1857.0       9806.0
   0.0100    7045.     6950.       0.0355      2573.0      15180.0
   0.0050   10090.    10200.       0.0407      3502.0      23650.0
   0.0020   15710.    16440.       0.0500      5153.0      43370.0
1


  Program PeakFq           U. S. GEOLOGICAL SURVEY             Seq.001.003
  Version 7.1         Annual peak flow frequency analysis      Run Date / Time
  3/14/2014                                                    11/25/2014 13:51
  
             Station - 06835100  BOBTAIL CREEK NEAR PALISADE, NEBR.             


                       I N P U T   D A T A   L I S T I N G


    WATER       PEAK   PEAKFQ   <--- Intervals --->
     YEAR      VALUE    CODES     LOW         HIGH   REMARKS
     1966      230.0       
     1967      650.0       
     1968      835.0       
     1969     1100.0       
     1970     1100.0       
     1971       81.0       
     1972    15200.0       
     1973       90.0       
     1974      175.0       
     1975     1850.0       
     1976      290.0       
     1977      112.0       
     1978       67.0       


        Explanation of peak discharge qualification codes

       PeakFQ    NWIS
        CODE     CODE   DEFINITION

          D        3    Dam failure, non-recurrent flow anomaly
          G        8    Discharge greater than stated value
          X       3+8   Both of the above
          L        4    Discharge less than stated value
          K     6 OR C  Known effect of regulation or urbanization
          H        7    Historic peak

          -  Minus-flagged discharge -- Not used in computation
                -8888.0 -- No discharge value given
          -  Minus-flagged water year -- Historic peak used in computation



1


  Program PeakFq           U. S. GEOLOGICAL SURVEY             Seq.001.004
  Version 7.1         Annual peak flow frequency analysis      Run Date / Time
  3/14/2014                                                    11/25/2014 13:51
  
             Station - 06835100  BOBTAIL CREEK NEAR PALISADE, NEBR.             


   EMPIRICAL FREQUENCY CURVES -- HIRSCH-STEDINGER PLOTTING POSITIONS

   WATER     RANKED      EMA         INTERVALS
    YEAR   DISCHARGE   ESTIMATE      LOW      HIGH
    1972    15200.0     0.0014
    1975     1850.0     0.0793
    1969     1100.0     0.2328
    1970     1100.0     0.1560
    1968      835.0     0.3095
    1967      650.0     0.3863
    1976      290.0     0.4630
    1966      230.0     0.5398
    1974      175.0     0.6166
    1977      112.0     0.6933
    1973       90.0     0.7701
    1971       81.0     0.8468
    1978       67.0     0.9236
1


  Program PeakFq           U. S. GEOLOGICAL SURVEY             Seq.001.005
  Version 7.1         Annual peak flow frequency analysis      Run Date / Time
  3/14/2014                                                    11/25/2014 13:51
  
             Station - 06835100  BOBTAIL CREEK NEAR PALISADE, NEBR.             


                         EMA REPRESENTATION OF DATA

  WATER <----- OBSERVED-----><-------- EMA -------><-PERCEPTION THRESHOLDS->
   YEAR    Q_LOWER    Q_UPPER    Q_LOWER    Q_UPPER        LOWER       UPPER
   1664        0.0    15200.0        0.0    15200.0      15200.0        INF 
   1665        0.0    15200.0        0.0    15200.0      15200.0        INF 
   1666        0.0    15200.0        0.0    15200.0      15200.0        INF 
   1667        0.0    15200.0        0.0    15200.0      15200.0        INF 
   1668        0.0    15200.0        0.0    15200.0      15200.0        INF 
   1669        0.0    15200.0        0.0    15200.0      15200.0        INF 
   1670        0.0    15200.0        0.0    15200.0      15200.0        INF 
   1671        0.0    15200.0        0.0    15200.0      15200.0        INF 
   1672        0.0    15200.0        0.0    15200.0      15200.0        INF 
   1673        0.0    15200.0        0.0    15200.0      15200.0        INF 
   1674        0.0    15200.0        0.0    15200.0      15200.0        INF 
   1675        0.0    15200.0        0.0    15200.0      15200.0        INF 
   1676        0.0    15200.0        0.0    15200.0      15200.0        INF 
   1677        0.0    15200.0        0.0    15200.0      15200.0        INF 
   1678        0.0    15200.0        0.0    15200.0      15200.0        INF 
   1679        0.0    15200.0        0.0    15200.0      15200.0        INF 
   1680        0.0    15200.0        0.0    15200.0      15200.0        INF 
   1681        0.0    15200.0        0.0    15200.0      15200.0        INF 
   1682        0.0    15200.0        0.0    15200.0      15200.0        INF 
   1683        0.0    15200.0        0.0    15200.0      15200.0        INF 
   1684        0.0    15200.0        0.0    15200.0      15200.0        INF 
   1685        0.0    15200.0        0.0    15200.0      15200.0        INF 
   1686        0.0    15200.0        0.0    15200.0      15200.0        INF 
   1687        0.0    15200.0        0.0    15200.0      15200.0        INF 
   1688        0.0    15200.0        0.0    15200.0      15200.0        INF 
   1689        0.0    15200.0        0.0    15200.0      15200.0        INF 
   1690        0.0    15200.0        0.0    15200.0      15200.0        INF 
   1691        0.0    15200.0        0.0    15200.0      15200.0        INF 
   1692        0.0    15200.0        0.0    15200.0      15200.0        INF 
   1693        0.0    15200.0        0.0    15200.0      15200.0        INF 
   1694        0.0    15200.0        0.0    15200.0      15200.0        INF 
   1695        0.0    15200.0        0.0    15200.0      15200.0        INF 
   1696        0.0    15200.0        0.0    15200.0      15200.0        INF 
   1697        0.0    15200.0        0.0    15200.0      15200.0        INF 
   1698        0.0    15200.0        0.0    15200.0      15200.0        INF 
   1699        0.0    15200.0        0.0    15200.0      15200.0        INF 
   1700        0.0    15200.0        0.0    15200.0      15200.0        INF 
   1701        0.0    15200.0        0.0    15200.0      15200.0        INF 
   1702        0.0    15200.0        0.0    15200.0      15200.0        INF 
   1703        0.0    15200.0        0.0    15200.0      15200.0        INF 
   1704        0.0    15200.0        0.0    15200.0      15200.0        INF 
   1705        0.0    15200.0        0.0    15200.0      15200.0        INF 
   1706        0.0    15200.0        0.0    15200.0      15200.0        INF 
   1707        0.0    15200.0        0.0    15200.0      15200.0        INF 
   1708        0.0    15200.0        0.0    15200.0      15200.0        INF 
   1709        0.0    15200.0        0.0    15200.0      15200.0        INF 
   1710        0.0    15200.0        0.0    15200.0      15200.0        INF 
   1711        0.0    15200.0        0.0    15200.0      15200.0        INF 
   1712        0.0    15200.0        0.0    15200.0      15200.0        INF 
   1713        0.0    15200.0        0.0    15200.0      15200.0        INF 
   1714        0.0    15200.0        0.0    15200.0      15200.0        INF 
   1715        0.0    15200.0        0.0    15200.0      15200.0        INF 
   1716        0.0    15200.0        0.0    15200.0      15200.0        INF 
   1717        0.0    15200.0        0.0    15200.0      15200.0        INF 
   1718        0.0    15200.0        0.0    15200.0      15200.0        INF 
   1719        0.0    15200.0        0.0    15200.0      15200.0        INF 
   1720        0.0    15200.0        0.0    15200.0      15200.0        INF 
   1721        0.0    15200.0        0.0    15200.0      15200.0        INF 
   1722        0.0    15200.0        0.0    15200.0      15200.0        INF 
   1723        0.0    15200.0        0.0    15200.0      15200.0        INF 
   1724        0.0    15200.0        0.0    15200.0      15200.0        INF 
   1725        0.0    15200.0        0.0    15200.0      15200.0        INF 
   1726        0.0    15200.0        0.0    15200.0      15200.0        INF 
   1727        0.0    15200.0        0.0    15200.0      15200.0        INF 
   1728        0.0    15200.0        0.0    15200.0      15200.0        INF 
   1729        0.0    15200.0        0.0    15200.0      15200.0        INF 
   1730        0.0    15200.0        0.0    15200.0      15200.0        INF 
   1731        0.0    15200.0        0.0    15200.0      15200.0        INF 
   1732        0.0    15200.0        0.0    15200.0      15200.0        INF 
   1733        0.0    15200.0        0.0    15200.0      15200.0        INF 
   1734        0.0    15200.0        0.0    15200.0      15200.0        INF 
   1735        0.0    15200.0        0.0    15200.0      15200.0        INF 
   1736        0.0    15200.0        0.0    15200.0      15200.0        INF 
   1737        0.0    15200.0        0.0    15200.0      15200.0        INF 
   1738        0.0    15200.0        0.0    15200.0      15200.0        INF 
   1739        0.0    15200.0        0.0    15200.0      15200.0        INF 
   1740        0.0    15200.0        0.0    15200.0      15200.0        INF 
   1741        0.0    15200.0        0.0    15200.0      15200.0        INF 
   1742        0.0    15200.0        0.0    15200.0      15200.0        INF 
   1743        0.0    15200.0        0.0    15200.0      15200.0        INF 
   1744        0.0    15200.0        0.0    15200.0      15200.0        INF 
   1745        0.0    15200.0        0.0    15200.0      15200.0        INF 
   1746        0.0    15200.0        0.0    15200.0      15200.0        INF 
   1747        0.0    15200.0        0.0    15200.0      15200.0        INF 
   1748        0.0    15200.0        0.0    15200.0      15200.0        INF 
   1749        0.0    15200.0        0.0    15200.0      15200.0        INF 
   1750        0.0    15200.0        0.0    15200.0      15200.0        INF 
   1751        0.0    15200.0        0.0    15200.0      15200.0        INF 
   1752        0.0    15200.0        0.0    15200.0      15200.0        INF 
   1753        0.0    15200.0        0.0    15200.0      15200.0        INF 
   1754        0.0    15200.0        0.0    15200.0      15200.0        INF 
   1755        0.0    15200.0        0.0    15200.0      15200.0        INF 
   1756        0.0    15200.0        0.0    15200.0      15200.0        INF 
   1757        0.0    15200.0        0.0    15200.0      15200.0        INF 
   1758        0.0    15200.0        0.0    15200.0      15200.0        INF 
   1759        0.0    15200.0        0.0    15200.0      15200.0        INF 
   1760        0.0    15200.0        0.0    15200.0      15200.0        INF 
   1761        0.0    15200.0        0.0    15200.0      15200.0        INF 
   1762        0.0    15200.0        0.0    15200.0      15200.0        INF 
   1763        0.0    15200.0        0.0    15200.0      15200.0        INF 
   1764        0.0    15200.0        0.0    15200.0      15200.0        INF 
   1765        0.0    15200.0        0.0    15200.0      15200.0        INF 
   1766        0.0    15200.0        0.0    15200.0      15200.0        INF 
   1767        0.0    15200.0        0.0    15200.0      15200.0        INF 
   1768        0.0    15200.0        0.0    15200.0      15200.0        INF 
   1769        0.0    15200.0        0.0    15200.0      15200.0        INF 
   1770        0.0    15200.0        0.0    15200.0      15200.0        INF 
   1771        0.0    15200.0        0.0    15200.0      15200.0        INF 
   1772        0.0    15200.0        0.0    15200.0      15200.0        INF 
   1773        0.0    15200.0        0.0    15200.0      15200.0        INF 
   1774        0.0    15200.0        0.0    15200.0      15200.0        INF 
   1775        0.0    15200.0        0.0    15200.0      15200.0        INF 
   1776        0.0    15200.0        0.0    15200.0      15200.0        INF 
   1777        0.0    15200.0        0.0    15200.0      15200.0        INF 
   1778        0.0    15200.0        0.0    15200.0      15200.0        INF 
   1779        0.0    15200.0        0.0    15200.0      15200.0        INF 
   1780        0.0    15200.0        0.0    15200.0      15200.0        INF 
   1781        0.0    15200.0        0.0    15200.0      15200.0        INF 
   1782        0.0    15200.0        0.0    15200.0      15200.0        INF 
   1783        0.0    15200.0        0.0    15200.0      15200.0        INF 
   1784        0.0    15200.0        0.0    15200.0      15200.0        INF 
   1785        0.0    15200.0        0.0    15200.0      15200.0        INF 
   1786        0.0    15200.0        0.0    15200.0      15200.0        INF 
   1787        0.0    15200.0        0.0    15200.0      15200.0        INF 
   1788        0.0    15200.0        0.0    15200.0      15200.0        INF 
   1789        0.0    15200.0        0.0    15200.0      15200.0        INF 
   1790        0.0    15200.0        0.0    15200.0      15200.0        INF 
   1791        0.0    15200.0        0.0    15200.0      15200.0        INF 
   1792        0.0    15200.0        0.0    15200.0      15200.0        INF 
   1793        0.0    15200.0        0.0    15200.0      15200.0        INF 
   1794        0.0    15200.0        0.0    15200.0      15200.0        INF 
   1795        0.0    15200.0        0.0    15200.0      15200.0        INF 
   1796        0.0    15200.0        0.0    15200.0      15200.0        INF 
   1797        0.0    15200.0        0.0    15200.0      15200.0        INF 
   1798        0.0    15200.0        0.0    15200.0      15200.0        INF 
   1799        0.0    15200.0        0.0    15200.0      15200.0        INF 
   1800        0.0    15200.0        0.0    15200.0      15200.0        INF 
   1801        0.0    15200.0        0.0    15200.0      15200.0        INF 
   1802        0.0    15200.0        0.0    15200.0      15200.0        INF 
   1803        0.0    15200.0        0.0    15200.0      15200.0        INF 
   1804        0.0    15200.0        0.0    15200.0      15200.0        INF 
   1805        0.0    15200.0        0.0    15200.0      15200.0        INF 
   1806        0.0    15200.0        0.0    15200.0      15200.0        INF 
   1807        0.0    15200.0        0.0    15200.0      15200.0        INF 
   1808        0.0    15200.0        0.0    15200.0      15200.0        INF 
   1809        0.0    15200.0        0.0    15200.0      15200.0        INF 
   1810        0.0    15200.0        0.0    15200.0      15200.0        INF 
   1811        0.0    15200.0        0.0    15200.0      15200.0        INF 
   1812        0.0    15200.0        0.0    15200.0      15200.0        INF 
   1813        0.0    15200.0        0.0    15200.0      15200.0        INF 
   1814        0.0    15200.0        0.0    15200.0      15200.0        INF 
   1815        0.0    15200.0        0.0    15200.0      15200.0        INF 
   1816        0.0    15200.0        0.0    15200.0      15200.0        INF 
   1817        0.0    15200.0        0.0    15200.0      15200.0        INF 
   1818        0.0    15200.0        0.0    15200.0      15200.0        INF 
   1819        0.0    15200.0        0.0    15200.0      15200.0        INF 
   1820        0.0    15200.0        0.0    15200.0      15200.0        INF 
   1821        0.0    15200.0        0.0    15200.0      15200.0        INF 
   1822        0.0    15200.0        0.0    15200.0      15200.0        INF 
   1823        0.0    15200.0        0.0    15200.0      15200.0        INF 
   1824        0.0    15200.0        0.0    15200.0      15200.0        INF 
   1825        0.0    15200.0        0.0    15200.0      15200.0        INF 
   1826        0.0    15200.0        0.0    15200.0      15200.0        INF 
   1827        0.0    15200.0        0.0    15200.0      15200.0        INF 
   1828        0.0    15200.0        0.0    15200.0      15200.0        INF 
   1829        0.0    15200.0        0.0    15200.0      15200.0        INF 
   1830        0.0    15200.0        0.0    15200.0      15200.0        INF 
   1831        0.0    15200.0        0.0    15200.0      15200.0        INF 
   1832        0.0    15200.0        0.0    15200.0      15200.0        INF 
   1833        0.0    15200.0        0.0    15200.0      15200.0        INF 
   1834        0.0    15200.0        0.0    15200.0      15200.0        INF 
   1835        0.0    15200.0        0.0    15200.0      15200.0        INF 
   1836        0.0    15200.0        0.0    15200.0      15200.0        INF 
   1837        0.0    15200.0        0.0    15200.0      15200.0        INF 
   1838        0.0    15200.0        0.0    15200.0      15200.0        INF 
   1839        0.0    15200.0        0.0    15200.0      15200.0        INF 
   1840        0.0    15200.0        0.0    15200.0      15200.0        INF 
   1841        0.0    15200.0        0.0    15200.0      15200.0        INF 
   1842        0.0    15200.0        0.0    15200.0      15200.0        INF 
   1843        0.0    15200.0        0.0    15200.0      15200.0        INF 
   1844        0.0    15200.0        0.0    15200.0      15200.0        INF 
   1845        0.0    15200.0        0.0    15200.0      15200.0        INF 
   1846        0.0    15200.0        0.0    15200.0      15200.0        INF 
   1847        0.0    15200.0        0.0    15200.0      15200.0        INF 
   1848        0.0    15200.0        0.0    15200.0      15200.0        INF 
   1849        0.0    15200.0        0.0    15200.0      15200.0        INF 
   1850        0.0    15200.0        0.0    15200.0      15200.0        INF 
   1851        0.0    15200.0        0.0    15200.0      15200.0        INF 
   1852        0.0    15200.0        0.0    15200.0      15200.0        INF 
   1853        0.0    15200.0        0.0    15200.0      15200.0        INF 
   1854        0.0    15200.0        0.0    15200.0      15200.0        INF 
   1855        0.0    15200.0        0.0    15200.0      15200.0        INF 
   1856        0.0    15200.0        0.0    15200.0      15200.0        INF 
   1857        0.0    15200.0        0.0    15200.0      15200.0        INF 
   1858        0.0    15200.0        0.0    15200.0      15200.0        INF 
   1859        0.0    15200.0        0.0    15200.0      15200.0        INF 
   1860        0.0    15200.0        0.0    15200.0      15200.0        INF 
   1861        0.0    15200.0        0.0    15200.0      15200.0        INF 
   1862        0.0    15200.0        0.0    15200.0      15200.0        INF 
   1863        0.0    15200.0        0.0    15200.0      15200.0        INF 
   1864        0.0    15200.0        0.0    15200.0      15200.0        INF 
   1865        0.0    15200.0        0.0    15200.0      15200.0        INF 
   1866        0.0    15200.0        0.0    15200.0      15200.0        INF 
   1867        0.0    15200.0        0.0    15200.0      15200.0        INF 
   1868        0.0    15200.0        0.0    15200.0      15200.0        INF 
   1869        0.0    15200.0        0.0    15200.0      15200.0        INF 
   1870        0.0    15200.0        0.0    15200.0      15200.0        INF 
   1871        0.0    15200.0        0.0    15200.0      15200.0        INF 
   1872        0.0    15200.0        0.0    15200.0      15200.0        INF 
   1873        0.0    15200.0        0.0    15200.0      15200.0        INF 
   1874        0.0    15200.0        0.0    15200.0      15200.0        INF 
   1875        0.0    15200.0        0.0    15200.0      15200.0        INF 
   1876        0.0    15200.0        0.0    15200.0      15200.0        INF 
   1877        0.0    15200.0        0.0    15200.0      15200.0        INF 
   1878        0.0    15200.0        0.0    15200.0      15200.0        INF 
   1879        0.0    15200.0        0.0    15200.0      15200.0        INF 
   1880        0.0    15200.0        0.0    15200.0      15200.0        INF 
   1881        0.0    15200.0        0.0    15200.0      15200.0        INF 
   1882        0.0    15200.0        0.0    15200.0      15200.0        INF 
   1883        0.0    15200.0        0.0    15200.0      15200.0        INF 
   1884        0.0    15200.0        0.0    15200.0      15200.0        INF 
   1885        0.0    15200.0        0.0    15200.0      15200.0        INF 
   1886        0.0    15200.0        0.0    15200.0      15200.0        INF 
   1887        0.0    15200.0        0.0    15200.0      15200.0        INF 
   1888        0.0    15200.0        0.0    15200.0      15200.0        INF 
   1889        0.0    15200.0        0.0    15200.0      15200.0        INF 
   1890        0.0    15200.0        0.0    15200.0      15200.0        INF 
   1891        0.0    15200.0        0.0    15200.0      15200.0        INF 
   1892        0.0    15200.0        0.0    15200.0      15200.0        INF 
   1893        0.0    15200.0        0.0    15200.0      15200.0        INF 
   1894        0.0    15200.0        0.0    15200.0      15200.0        INF 
   1895        0.0    15200.0        0.0    15200.0      15200.0        INF 
   1896        0.0    15200.0        0.0    15200.0      15200.0        INF 
   1897        0.0    15200.0        0.0    15200.0      15200.0        INF 
   1898        0.0    15200.0        0.0    15200.0      15200.0        INF 
   1899        0.0    15200.0        0.0    15200.0      15200.0        INF 
   1900        0.0    15200.0        0.0    15200.0      15200.0        INF 
   1901        0.0    15200.0        0.0    15200.0      15200.0        INF 
   1902        0.0    15200.0        0.0    15200.0      15200.0        INF 
   1903        0.0    15200.0        0.0    15200.0      15200.0        INF 
   1904        0.0    15200.0        0.0    15200.0      15200.0        INF 
   1905        0.0    15200.0        0.0    15200.0      15200.0        INF 
   1906        0.0    15200.0        0.0    15200.0      15200.0        INF 
   1907        0.0    15200.0        0.0    15200.0      15200.0        INF 
   1908        0.0    15200.0        0.0    15200.0      15200.0        INF 
   1909        0.0    15200.0        0.0    15200.0      15200.0        INF 
   1910        0.0    15200.0        0.0    15200.0      15200.0        INF 
   1911        0.0    15200.0        0.0    15200.0      15200.0        INF 
   1912        0.0    15200.0        0.0    15200.0      15200.0        INF 
   1913        0.0    15200.0        0.0    15200.0      15200.0        INF 
   1914        0.0    15200.0        0.0    15200.0      15200.0        INF 
   1915        0.0    15200.0        0.0    15200.0      15200.0        INF 
   1916        0.0    15200.0        0.0    15200.0      15200.0        INF 
   1917        0.0    15200.0        0.0    15200.0      15200.0        INF 
   1918        0.0    15200.0        0.0    15200.0      15200.0        INF 
   1919        0.0    15200.0        0.0    15200.0      15200.0        INF 
   1920        0.0    15200.0        0.0    15200.0      15200.0        INF 
   1921        0.0    15200.0        0.0    15200.0      15200.0        INF 
   1922        0.0    15200.0        0.0    15200.0      15200.0        INF 
   1923        0.0    15200.0        0.0    15200.0      15200.0        INF 
   1924        0.0    15200.0        0.0    15200.0      15200.0        INF 
   1925        0.0    15200.0        0.0    15200.0      15200.0        INF 
   1926        0.0    15200.0        0.0    15200.0      15200.0        INF 
   1927        0.0    15200.0        0.0    15200.0      15200.0        INF 
   1928        0.0    15200.0        0.0    15200.0      15200.0        INF 
   1929        0.0    15200.0        0.0    15200.0      15200.0        INF 
   1930        0.0    15200.0        0.0    15200.0      15200.0        INF 
   1931        0.0    15200.0        0.0    15200.0      15200.0        INF 
   1932        0.0    15200.0        0.0    15200.0      15200.0        INF 
   1933        0.0    15200.0        0.0    15200.0      15200.0        INF 
   1934        0.0    15200.0        0.0    15200.0      15200.0        INF 
   1935        0.0    15200.0        0.0    15200.0      15200.0        INF 
   1936        0.0    15200.0        0.0    15200.0      15200.0        INF 
   1937        0.0    15200.0        0.0    15200.0      15200.0        INF 
   1938        0.0    15200.0        0.0    15200.0      15200.0        INF 
   1939        0.0    15200.0        0.0    15200.0      15200.0        INF 
   1940        0.0    15200.0        0.0    15200.0      15200.0        INF 
   1941        0.0    15200.0        0.0    15200.0      15200.0        INF 
   1942        0.0    15200.0        0.0    15200.0      15200.0        INF 
   1943        0.0    15200.0        0.0    15200.0      15200.0        INF 
   1944        0.0    15200.0        0.0    15200.0      15200.0        INF 
   1945        0.0    15200.0        0.0    15200.0      15200.0        INF 
   1946        0.0    15200.0        0.0    15200.0      15200.0        INF 
   1947        0.0    15200.0        0.0    15200.0      15200.0        INF 
   1948        0.0    15200.0        0.0    15200.0      15200.0        INF 
   1949        0.0    15200.0        0.0    15200.0      15200.0        INF 
   1950        0.0    15200.0        0.0    15200.0      15200.0        INF 
   1951        0.0    15200.0        0.0    15200.0      15200.0        INF 
   1952        0.0    15200.0        0.0    15200.0      15200.0        INF 
   1953        0.0    15200.0        0.0    15200.0      15200.0        INF 
   1954        0.0    15200.0        0.0    15200.0      15200.0        INF 
   1955        0.0    15200.0        0.0    15200.0      15200.0        INF 
   1956        0.0    15200.0        0.0    15200.0      15200.0        INF 
   1957        0.0    15200.0        0.0    15200.0      15200.0        INF 
   1958        0.0    15200.0        0.0    15200.0      15200.0        INF 
   1959        0.0    15200.0        0.0    15200.0      15200.0        INF 
   1960        0.0    15200.0        0.0    15200.0      15200.0        INF 
   1961        0.0    15200.0        0.0    15200.0      15200.0        INF 
   1962        0.0    15200.0        0.0    15200.0      15200.0        INF 
   1963        0.0    15200.0        0.0    15200.0      15200.0        INF 
   1964        0.0    15200.0        0.0    15200.0      15200.0        INF 
   1965        0.0    15200.0        0.0    15200.0      15200.0        INF 
   1966      230.0      230.0      230.0      230.0          0.0        INF 
   1967      650.0      650.0      650.0      650.0          0.0        INF 
   1968      835.0      835.0      835.0      835.0          0.0        INF 
   1969     1100.0     1100.0     1100.0     1100.0          0.0        INF 
   1970     1100.0     1100.0     1100.0     1100.0          0.0        INF 
   1971       81.0       81.0       81.0       81.0          0.0        INF 
   1972    15200.0    15200.0    15200.0    15200.0          0.0        INF 
   1973       90.0       90.0       90.0       90.0          0.0        INF 
   1974      175.0      175.0      175.0      175.0          0.0        INF 
   1975     1850.0     1850.0     1850.0     1850.0          0.0        INF 
   1976      290.0      290.0      290.0      290.0          0.0        INF 
   1977      112.0      112.0      112.0      112.0          0.0        INF 
   1978       67.0       67.0       67.0       67.0          0.0        INF 
   1979        0.0    15200.0        0.0    15200.0      15200.0        INF 
   1980        0.0    15200.0        0.0    15200.0      15200.0        INF 
   1981        0.0    15200.0        0.0    15200.0      15200.0        INF 
   1982        0.0    15200.0        0.0    15200.0      15200.0        INF 
   1983        0.0    15200.0        0.0    15200.0      15200.0        INF 
   1984        0.0    15200.0        0.0    15200.0      15200.0        INF 
   1985        0.0    15200.0        0.0    15200.0      15200.0        INF 
   1986        0.0    15200.0        0.0    15200.0      15200.0        INF 
   1987        0.0    15200.0        0.0    15200.0      15200.0        INF 
   1988        0.0    15200.0        0.0    15200.0      15200.0        INF 
   1989        0.0    15200.0        0.0    15200.0      15200.0        INF 
   1990        0.0    15200.0        0.0    15200.0      15200.0        INF 
   1991        0.0    15200.0        0.0    15200.0      15200.0        INF 
   1992        0.0    15200.0        0.0    15200.0      15200.0        INF 
   1993        0.0    15200.0        0.0    15200.0      15200.0        INF 
   1994        0.0    15200.0        0.0    15200.0      15200.0        INF 
   1995        0.0    15200.0        0.0    15200.0      15200.0        INF 
   1996        0.0    15200.0        0.0    15200.0      15200.0        INF 
   1997        0.0    15200.0        0.0    15200.0      15200.0        INF 
   1998        0.0    15200.0        0.0    15200.0      15200.0        INF 
   1999        0.0    15200.0        0.0    15200.0      15200.0        INF 
   2000        0.0    15200.0        0.0    15200.0      15200.0        INF 
   2001        0.0    15200.0        0.0    15200.0      15200.0        INF 
   2002        0.0    15200.0        0.0    15200.0      15200.0        INF 
   2003        0.0    15200.0        0.0    15200.0      15200.0        INF 
   2004        0.0    15200.0        0.0    15200.0      15200.0        INF 
   2005        0.0    15200.0        0.0    15200.0      15200.0        INF 
   2006        0.0    15200.0        0.0    15200.0      15200.0        INF 
   2007        0.0    15200.0        0.0    15200.0      15200.0        INF 
   2008        0.0    15200.0        0.0    15200.0      15200.0        INF 
   2009        0.0    15200.0        0.0    15200.0      15200.0        INF 
   2010        0.0    15200.0        0.0    15200.0      15200.0        INF 
   2011        0.0    15200.0        0.0    15200.0      15200.0        INF 
   2012        0.0    15200.0        0.0    15200.0      15200.0        INF 
   2013        0.0    15200.0        0.0    15200.0      15200.0        INF 
1



 End PeakFQ analysis.
   Stations processed :       1
   Number of errors   :       0
   Stations skipped   :       0
   Station years      :      13


Data records may have been ignored for the stations listed below.               
(Card type must be Y, Z, N, H, I, 2, 3, 4,  or *.)                              
(2, 4, and * records are ignored.)                                              
                                                                                
 For the station below, the following records were ignored:                     
                                                                                
 FINISHED PROCESSING STATION:  06835100       USGS BOBTAIL CREEK NEAR PALISADE, 
                                                                                
                                                                                
 For the station below, the following records were ignored:                     
                                                                                
 FINISHED PROCESSING STATION:                                                   
                                                                                
