1
  Program PeakFq           U. S. GEOLOGICAL SURVEY             Seq.002.000
  Version 7.1         Annual peak flow frequency analysis      Run Date / Time
  3/14/2014                                                    06/24/2014 09:08

                         --- PROCESSING OPTIONS ---  

                      Plot option         = Graphics device   
                      Basin char output   = WATSTORE      
                      Print option        = Yes
                      Debug print         = No 
                      Input peaks listing = Long 
                      Input peaks format  = WATSTORE peak file  

                      Input files used:
                         peaks (ascii)  - V:\CDOT_Flood_Frequency\PeakFQ\Input_files\06711000\06711000.TXT                
                         specifications - V:\CDOT_Flood_Frequency\PeakFQ\Input_files\06711000\PKFQWPSF.TMP                
                      Output file(s): 
                         main - V:\CDOT_Flood_Frequency\PeakFQ\Input_files\06711000\06711000.PRT                
                         bcd  - V:\CDOT_Flood_Frequency\PeakFQ\Input_files\06711000\06711000.B                  
  
1


  Program PeakFq           U. S. GEOLOGICAL SURVEY             Seq.001.001
  Version 7.1         Annual peak flow frequency analysis      Run Date / Time
  3/14/2014                                                    06/24/2014 09:08
  
              Station - 06711000  TURKEY CREEK NEAR MORRISON, CO.               


                     I N P U T   D A T A   S U M M A R Y

                Number of peaks in record            =       29
                Peaks not used in analysis           =        0
                Systematic peaks in analysis         =       28
                Historic peaks in analysis           =        1
                Beginning Year                       =     1942
                Ending Year                          =     1994
                Historical Period Length             =       53
                Generalized skew                     =   -0.151
                     Standard error                  =    0.550
                     Mean Square error               =    0.303
                Skew option                          =   WEIGHTED  
                Gage base discharge                  =      0.0
                User supplied high outlier threshold =   --           
                User supplied PILF (LO) criterion    =   --           
                Plotting position parameter          =     0.00
                Type of analysis                            EMA
                PILF (LO) Test Method                      MGBT
                Perception Thresholds:
                     Begin     End       Low     High     Comment
                      1942    1994       0.0       INF     DEFAULT                                                                         
                      1969    1969    2730.0       INF     HISTORIC 1                                                                      
                      1954    1968       INF       INF     MISSING                                                                         
                      1970    1978       INF       INF     MISSING                                                                         
                Interval Data                    =   None Specified



  *********  NOTICE  --  Preliminary machine computations.        *********     
  *********  User responsible for assessment and interpretation.  *********     

    EMA002W-CONFIDENCE INTERVALS ARE NOT EXACT IF HISTORIC PERIOD > 0


                                        Kendall's Tau Parameters

                                                        MEDIAN   No. of
                                       TAU    P-VALUE    SLOPE   PEAKS
                                ---------------------------------------
             SYSTEMATIC RECORD     -0.053      0.707     -0.667    28


1


  Program PeakFq           U. S. GEOLOGICAL SURVEY             Seq.001.002
  Version 7.1         Annual peak flow frequency analysis      Run Date / Time
  3/14/2014                                                    06/24/2014 09:08
  
              Station - 06711000  TURKEY CREEK NEAR MORRISON, CO.               


           ANNUAL FREQUENCY CURVE PARAMETERS -- LOG-PEARSON TYPE III 

                                    LOGARITHMIC         
                         -------------------------------
                                      STANDARD          
                            MEAN     DEVIATION     SKEW 
                         -------------------------------
 EMA W/O REG. INFO         2.0973      0.5432      0.271
 EMA W/REG. INFO           2.0973      0.5432      0.046

 EMA ESTIMATE OF MSE OF SKEW W/O REG. INFO (AT-SITE)      0.1881
 EMA ESTIMATE OF MSE OF SKEW W/SYSTEMATIC ONLY (AT-SITE)  0.2008



    ANNUAL FREQUENCY CURVE -- DISCHARGES AT SELECTED EXCEEDANCE PROBABILITIES

   ANNUAL   EMA W/    EMA W/O     <------ FOR EMA ESTIMATES ------->
EXCEEDANCE  REG INFO  REG INFO    VARIANCE  95% CONFIDENCE INTERVALS
PROBABILITY ESTIMATE  ESTIMATE     OF EST.       LOWER       UPPER

   0.9950       5.3       6.9      0.0652         0.7         12.4
   0.9900       7.1       8.8      0.0500         1.3         15.3
   0.9500      16.3      17.7      0.0247         5.7         29.3
   0.9000      25.4      26.2      0.0180        11.2         43.4
   0.8000      43.6      43.1      0.0136        23.2         72.1
   0.6667      72.4      69.9      0.0119        42.2        118.6
   0.5000     123.9     118.3      0.0115        75.0        205.6
   0.4292     154.9     148.0      0.0116        94.4        260.8
   0.2000     357.4     351.4      0.0146       214.5        685.0
   0.1000     625.3     641.6      0.0198       359.8       1457.0
   0.0400    1140.     1250.       0.0307       605.3       3724.0
   0.0200    1684.     1950.       0.0423       828.6       7337.0
   0.0100    2396.     2938.       0.0567      1081.0      14140.0
   0.0050    3312.     4307.       0.0742      1361.0      26760.0
   0.0020    4912.     6919.       0.1021      1769.0      60890.0
1


  Program PeakFq           U. S. GEOLOGICAL SURVEY             Seq.001.003
  Version 7.1         Annual peak flow frequency analysis      Run Date / Time
  3/14/2014                                                    06/24/2014 09:08
  
              Station - 06711000  TURKEY CREEK NEAR MORRISON, CO.               


                       I N P U T   D A T A   L I S T I N G


    WATER       PEAK   PEAKFQ   <--- Intervals --->
     YEAR      VALUE    CODES     LOW         HIGH   REMARKS
    -1969     2730.0  H    
     1942       37.0       
     1943       18.0       
     1944      175.0       
     1945       18.0       
     1946     1200.0       
     1947      126.0       
     1948      215.0       
     1949      384.0       
     1950      110.0       
     1951       47.0       
     1952      185.0       
     1953      149.0       
     1979      237.0       
     1980      585.0       
     1981       15.0       
     1982      165.0       
     1983      320.0       
     1984      450.0       
     1985      197.0       
     1986       37.0       
     1987      197.0       
     1988      195.0       
     1989       24.0       
     1990       44.0       
     1991      125.0       
     1992      125.0       
     1993       42.0       
     1994       68.0       


        Explanation of peak discharge qualification codes

       PeakFQ    NWIS
        CODE     CODE   DEFINITION

          D        3    Dam failure, non-recurrent flow anomaly
          G        8    Discharge greater than stated value
          X       3+8   Both of the above
          L        4    Discharge less than stated value
          K     6 OR C  Known effect of regulation or urbanization
          H        7    Historic peak

          -  Minus-flagged discharge -- Not used in computation
                -8888.0 -- No discharge value given
          -  Minus-flagged water year -- Historic peak used in computation



1


  Program PeakFq           U. S. GEOLOGICAL SURVEY             Seq.001.004
  Version 7.1         Annual peak flow frequency analysis      Run Date / Time
  3/14/2014                                                    06/24/2014 09:08
  
              Station - 06711000  TURKEY CREEK NEAR MORRISON, CO.               


   EMPIRICAL FREQUENCY CURVES -- HIRSCH-STEDINGER PLOTTING POSITIONS

   WATER     RANKED      EMA         INTERVALS
    YEAR   DISCHARGE   ESTIMATE      LOW      HIGH
   -1969     2730.0     0.0172
    1946     1200.0     0.0676
    1980      585.0     0.1009
    1984      450.0     0.1342
    1949      384.0     0.1675
    1983      320.0     0.2008
    1979      237.0     0.2342
    1948      215.0     0.2675
    1985      197.0     0.3341
    1987      197.0     0.3008
    1988      195.0     0.3674
    1952      185.0     0.4007
    1944      175.0     0.4340
    1982      165.0     0.4673
    1953      149.0     0.5006
    1947      126.0     0.5339
    1991      125.0     0.6005
    1992      125.0     0.5672
    1950      110.0     0.6338
    1994       68.0     0.6671
    1951       47.0     0.7004
    1990       44.0     0.7337
    1993       42.0     0.7670
    1942       37.0     0.8336
    1986       37.0     0.8003
    1989       24.0     0.8669
    1943       18.0     0.9335
    1945       18.0     0.9002
    1981       15.0     0.9669
1


  Program PeakFq           U. S. GEOLOGICAL SURVEY             Seq.001.005
  Version 7.1         Annual peak flow frequency analysis      Run Date / Time
  3/14/2014                                                    06/24/2014 09:08
  
              Station - 06711000  TURKEY CREEK NEAR MORRISON, CO.               


                         EMA REPRESENTATION OF DATA

  WATER <----- OBSERVED-----><-------- EMA -------><-PERCEPTION THRESHOLDS->
   YEAR    Q_LOWER    Q_UPPER    Q_LOWER    Q_UPPER        LOWER       UPPER
   1942       37.0       37.0       37.0       37.0          0.0        INF 
   1943       18.0       18.0       18.0       18.0          0.0        INF 
   1944      175.0      175.0      175.0      175.0          0.0        INF 
   1945       18.0       18.0       18.0       18.0          0.0        INF 
   1946     1200.0     1200.0     1200.0     1200.0          0.0        INF 
   1947      126.0      126.0      126.0      126.0          0.0        INF 
   1948      215.0      215.0      215.0      215.0          0.0        INF 
   1949      384.0      384.0      384.0      384.0          0.0        INF 
   1950      110.0      110.0      110.0      110.0          0.0        INF 
   1951       47.0       47.0       47.0       47.0          0.0        INF 
   1952      185.0      185.0      185.0      185.0          0.0        INF 
   1953      149.0      149.0      149.0      149.0          0.0        INF 
   1954        0.0       INF         0.0       INF          INF         INF 
   1955        0.0       INF         0.0       INF          INF         INF 
   1956        0.0       INF         0.0       INF          INF         INF 
   1957        0.0       INF         0.0       INF          INF         INF 
   1958        0.0       INF         0.0       INF          INF         INF 
   1959        0.0       INF         0.0       INF          INF         INF 
   1960        0.0       INF         0.0       INF          INF         INF 
   1961        0.0       INF         0.0       INF          INF         INF 
   1962        0.0       INF         0.0       INF          INF         INF 
   1963        0.0       INF         0.0       INF          INF         INF 
   1964        0.0       INF         0.0       INF          INF         INF 
   1965        0.0       INF         0.0       INF          INF         INF 
   1966        0.0       INF         0.0       INF          INF         INF 
   1967        0.0       INF         0.0       INF          INF         INF 
   1968        0.0       INF         0.0       INF          INF         INF 
   1969     2730.0     2730.0     2730.0     2730.0       2730.0        INF 
   1970        0.0       INF         0.0       INF          INF         INF 
   1971        0.0       INF         0.0       INF          INF         INF 
   1972        0.0       INF         0.0       INF          INF         INF 
   1973        0.0       INF         0.0       INF          INF         INF 
   1974        0.0       INF         0.0       INF          INF         INF 
   1975        0.0       INF         0.0       INF          INF         INF 
   1976        0.0       INF         0.0       INF          INF         INF 
   1977        0.0       INF         0.0       INF          INF         INF 
   1978        0.0       INF         0.0       INF          INF         INF 
   1979      237.0      237.0      237.0      237.0          0.0        INF 
   1980      585.0      585.0      585.0      585.0          0.0        INF 
   1981       15.0       15.0       15.0       15.0          0.0        INF 
   1982      165.0      165.0      165.0      165.0          0.0        INF 
   1983      320.0      320.0      320.0      320.0          0.0        INF 
   1984      450.0      450.0      450.0      450.0          0.0        INF 
   1985      197.0      197.0      197.0      197.0          0.0        INF 
   1986       37.0       37.0       37.0       37.0          0.0        INF 
   1987      197.0      197.0      197.0      197.0          0.0        INF 
   1988      195.0      195.0      195.0      195.0          0.0        INF 
   1989       24.0       24.0       24.0       24.0          0.0        INF 
   1990       44.0       44.0       44.0       44.0          0.0        INF 
   1991      125.0      125.0      125.0      125.0          0.0        INF 
   1992      125.0      125.0      125.0      125.0          0.0        INF 
   1993       42.0       42.0       42.0       42.0          0.0        INF 
   1994       68.0       68.0       68.0       68.0          0.0        INF 
1



 End PeakFQ analysis.
   Stations processed :       1
   Number of errors   :       0
   Stations skipped   :       0
   Station years      :      29


Data records may have been ignored for the stations listed below.               
(Card type must be Y, Z, N, H, I, 2, 3, 4,  or *.)                              
(2, 4, and * records are ignored.)                                              
                                                                                
 For the station below, the following records were ignored:                     
                                                                                
 FINISHED PROCESSING STATION:  06711000       USGS TURKEY CREEK NEAR MORRISON, C
                                                                                
                                                                                
 For the station below, the following records were ignored:                     
                                                                                
 FINISHED PROCESSING STATION:                                                   
                                                                                
