1
  Program PeakFq           U. S. GEOLOGICAL SURVEY             Seq.002.000
  Version 7.1         Annual peak flow frequency analysis      Run Date / Time
  3/14/2014                                                    10/23/2014 09:21

                         --- PROCESSING OPTIONS ---  

                      Plot option         = Graphics device   
                      Basin char output   = WATSTORE      
                      Print option        = Yes
                      Debug print         = No 
                      Input peaks listing = Long 
                      Input peaks format  = WATSTORE peak file  

                      Input files used:
                         peaks (ascii)  - V:\CDOT_Flood_Frequency\PeakFQ\Input_files\06724000\06724000.TXT                
                         specifications - V:\CDOT_Flood_Frequency\PeakFQ\Input_files\06724000\PKFQWPSF.TMP                
                      Output file(s): 
                         main - V:\CDOT_Flood_Frequency\PeakFQ\Input_files\06724000\06724000.PRT                
                         bcd  - V:\CDOT_Flood_Frequency\PeakFQ\Input_files\06724000\06724000.B                  
  
1


  Program PeakFq           U. S. GEOLOGICAL SURVEY             Seq.001.001
  Version 7.1         Annual peak flow frequency analysis      Run Date / Time
  3/14/2014                                                    10/23/2014 09:21
  
               Station - 06724000  ST. VRAIN CREEK AT LYONS, CO.                


                     I N P U T   D A T A   S U M M A R Y

                Number of peaks in record            =      122
                Peaks not used in analysis           =        0
                Systematic peaks in analysis         =      122
                Historic peaks in analysis           =        0
                Beginning Year                       =     1888
                Ending Year                          =     2013
                Historical Period Length             =      126
                Generalized skew                     =   -0.163
                     Standard error                  =    0.550
                     Mean Square error               =    0.303
                Skew option                          =   WEIGHTED  
                Gage base discharge                  =      0.0
                User supplied high outlier threshold =   --           
                User supplied PILF (LO) criterion    =   --           
                Plotting position parameter          =     0.00
                Type of analysis                            EMA
                PILF (LO) Test Method                      MGBT
                Perception Thresholds:
                     Begin     End       Low     High     Comment
                      1888    2013       0.0       INF     DEFAULT                                                                         
                      1892    1894       INF       INF     MISSING                                                                         
                      2007    2007       INF       INF     MISSING                                                                         
                Interval Data                    =   None Specified



  *********  NOTICE  --  Preliminary machine computations.        *********     
  *********  User responsible for assessment and interpretation.  *********     

    EMA002W-CONFIDENCE INTERVALS ARE NOT EXACT IF HISTORIC PERIOD > 0


                                        Kendall's Tau Parameters

                                                        MEDIAN   No. of
                                       TAU    P-VALUE    SLOPE   PEAKS
                                ---------------------------------------
             SYSTEMATIC RECORD      0.007      0.905      0.183   122


1


  Program PeakFq           U. S. GEOLOGICAL SURVEY             Seq.001.002
  Version 7.1         Annual peak flow frequency analysis      Run Date / Time
  3/14/2014                                                    10/23/2014 09:21
  
               Station - 06724000  ST. VRAIN CREEK AT LYONS, CO.                


           ANNUAL FREQUENCY CURVE PARAMETERS -- LOG-PEARSON TYPE III 

                                    LOGARITHMIC         
                         -------------------------------
                                      STANDARD          
                            MEAN     DEVIATION     SKEW 
                         -------------------------------
 EMA W/O REG. INFO         3.0394      0.2900      1.267
 EMA W/REG. INFO           3.0394      0.2900      0.765

 EMA ESTIMATE OF MSE OF SKEW W/O REG. INFO (AT-SITE)      0.1585
 EMA ESTIMATE OF MSE OF SKEW W/SYSTEMATIC ONLY (AT-SITE)  0.1572



    ANNUAL FREQUENCY CURVE -- DISCHARGES AT SELECTED EXCEEDANCE PROBABILITIES

   ANNUAL   EMA W/    EMA W/O     <------ FOR EMA ESTIMATES ------->
EXCEEDANCE  REG INFO  REG INFO    VARIANCE  95% CONFIDENCE INTERVALS
PROBABILITY ESTIMATE  ESTIMATE     OF EST.       LOWER       UPPER

   0.9950     314.6     416.0      0.0038       236.9        415.5
   0.9900     338.4     428.7      0.0027       266.1        427.8
   0.9500     429.7     485.5      0.0010       367.9        490.3
   0.9000     500.7     535.5      0.0007       440.6        558.2
   0.8000     618.1     624.9      0.0006       553.4        691.6
   0.6667     773.1     751.4      0.0007       688.2        872.8
   0.5000    1007.      954.8      0.0008       884.2       1150.0
   0.4292    1133.     1070.       0.0009       990.8       1303.0
   0.2000    1848.     1775.       0.0014      1583.0       2234.0
   0.1000    2671.     2679.       0.0023      2213.0       3498.0
   0.0400    4118.     4455.       0.0046      3211.0       6294.0
   0.0200    5572.     6439.       0.0074      4117.0       9827.0
   0.0100    7427.     9217.       0.0111      5178.0      15350.0
   0.0050    9789.    13100.       0.0157      6421.0      23970.0
   0.0020   13910.    20670.       0.0235      8392.0      43170.0
1


  Program PeakFq           U. S. GEOLOGICAL SURVEY             Seq.001.003
  Version 7.1         Annual peak flow frequency analysis      Run Date / Time
  3/14/2014                                                    10/23/2014 09:21
  
               Station - 06724000  ST. VRAIN CREEK AT LYONS, CO.                


                       I N P U T   D A T A   L I S T I N G


    WATER       PEAK   PEAKFQ   <--- Intervals --->
     YEAR      VALUE    CODES     LOW         HIGH   REMARKS
     1888      535.0       
     1889      548.0       
     1890      675.0       
     1891     1400.0       
     1895     1130.0       
     1896     1500.0       
     1897     1020.0       
     1898      603.0       
     1899     1180.0       
     1900      918.0       
     1901      857.0       
     1902      514.0       
     1903     1710.0       
     1904      850.0       
     1905     1660.0       
     1906     1170.0       
     1907     1120.0       
     1908      650.0       
     1909     1150.0       
     1910      465.0       
     1911      660.0       
     1912     1150.0       
     1913      490.0       
     1914     1540.0       
     1915      955.0       
     1916      620.0       
     1917     1240.0       
     1918     1700.0       
     1919     9400.0       
     1920      733.0       
     1921     2050.0       
     1922      574.0       
     1923     1670.0       
     1924     2230.0       
     1925      410.0       
     1926     1100.0       
     1927      604.0       
     1928     1010.0       
     1929      765.0       
     1930     2040.0       
     1931     1450.0       
     1932      854.0       
     1933     1130.0       
     1934      628.0       
     1935     2340.0       
     1936      832.0       
     1937     1230.0       
     1938     1650.0       
     1939      978.0       
     1940      675.0       
     1941    10500.0       
     1942     1510.0       
     1943     1230.0       
     1944      962.0       
     1945     1000.0       
     1946     2140.0       
     1947     2360.0       
     1948      820.0       
     1949     2970.0       
     1950      712.0       
     1951     3920.0       
     1952     1610.0       
     1953      970.0       
     1954      285.0       
     1955      680.0       
     1956      749.0       
     1957     3060.0       
     1958     1290.0       
     1959      857.0       
     1960      717.0       
     1961     2540.0       
     1962     1140.0       
     1963     1300.0       
     1964      458.0       
     1965     1840.0       
     1966     1210.0       
     1967     2010.0       
     1968      636.0       
     1969     2900.0       
     1970      958.0       
     1971     1760.0       
     1972      940.0       
     1973     1360.0       
     1974      641.0       
     1975      922.0       
     1976      835.0       
     1977      732.0       
     1978     1560.0       
     1979     1050.0       
     1980     2330.0       
     1981      418.0       
     1982     1600.0       
     1983     1470.0       
     1984     1340.0       
     1985     1040.0       
     1986     1120.0       
     1987     1080.0       
     1988      568.0       
     1989      998.0       
     1990      908.0       
     1991     1280.0       
     1992      548.0       
     1993      818.0       
     1994      874.0       
     1995     4200.0       
     1996     1120.0       
     1997     1640.0       
     1998      662.0       
     1999     1880.0       
     2000      688.0       
     2001      400.0       
     2002      190.0       
     2003     1220.0       
     2004      722.0       
     2005     1160.0       
     2006      808.0       
     2008      564.0       
     2009      890.0       
     2010     1550.0       
     2011     1140.0       
     2012      347.0       
     2013    24700.0       


        Explanation of peak discharge qualification codes

       PeakFQ    NWIS
        CODE     CODE   DEFINITION

          D        3    Dam failure, non-recurrent flow anomaly
          G        8    Discharge greater than stated value
          X       3+8   Both of the above
          L        4    Discharge less than stated value
          K     6 OR C  Known effect of regulation or urbanization
          H        7    Historic peak

          -  Minus-flagged discharge -- Not used in computation
                -8888.0 -- No discharge value given
          -  Minus-flagged water year -- Historic peak used in computation



1


  Program PeakFq           U. S. GEOLOGICAL SURVEY             Seq.001.004
  Version 7.1         Annual peak flow frequency analysis      Run Date / Time
  3/14/2014                                                    10/23/2014 09:21
  
               Station - 06724000  ST. VRAIN CREEK AT LYONS, CO.                


   EMPIRICAL FREQUENCY CURVES -- HIRSCH-STEDINGER PLOTTING POSITIONS

   WATER     RANKED      EMA         INTERVALS
    YEAR   DISCHARGE   ESTIMATE      LOW      HIGH
    2013    24700.0     0.0081
    1941    10500.0     0.0162
    1919     9400.0     0.0244
    1995     4200.0     0.0325
    1951     3920.0     0.0406
    1957     3060.0     0.0487
    1949     2970.0     0.0569
    1969     2900.0     0.0650
    1961     2540.0     0.0731
    1947     2360.0     0.0813
    1935     2340.0     0.0894
    1980     2330.0     0.0975
    1924     2230.0     0.1057
    1946     2140.0     0.1138
    1921     2050.0     0.1219
    1930     2040.0     0.1301
    1967     2010.0     0.1382
    1999     1880.0     0.1463
    1965     1840.0     0.1544
    1971     1760.0     0.1626
    1903     1710.0     0.1707
    1918     1700.0     0.1788
    1923     1670.0     0.1870
    1905     1660.0     0.1951
    1938     1650.0     0.2032
    1997     1640.0     0.2114
    1952     1610.0     0.2195
    1982     1600.0     0.2276
    1978     1560.0     0.2358
    2010     1550.0     0.2439
    1914     1540.0     0.2520
    1942     1510.0     0.2601
    1896     1500.0     0.2683
    1983     1470.0     0.2764
    1931     1450.0     0.2845
    1891     1400.0     0.2927
    1973     1360.0     0.3008
    1984     1340.0     0.3089
    1963     1300.0     0.3171
    1958     1290.0     0.3252
    1991     1280.0     0.3333
    1917     1240.0     0.3415
    1937     1230.0     0.3577
    1943     1230.0     0.3496
    2003     1220.0     0.3658
    1966     1210.0     0.3740
    1899     1180.0     0.3821
    1906     1170.0     0.3902
    2005     1160.0     0.3984
    1909     1150.0     0.4146
    1912     1150.0     0.4065
    1962     1140.0     0.4309
    2011     1140.0     0.4228
    1895     1130.0     0.4472
    1933     1130.0     0.4390
    1907     1120.0     0.4715
    1986     1120.0     0.4634
    1996     1120.0     0.4553
    1926     1100.0     0.4797
    1987     1080.0     0.4878
    1979     1050.0     0.4959
    1985     1040.0     0.5041
    1897     1020.0     0.5122
    1928     1010.0     0.5203
    1945     1000.0     0.5285
    1989      998.0     0.5366
    1939      978.0     0.5447
    1953      970.0     0.5528
    1944      962.0     0.5610
    1970      958.0     0.5691
    1915      955.0     0.5772
    1972      940.0     0.5854
    1975      922.0     0.5935
    1900      918.0     0.6016
    1990      908.0     0.6098
    2009      890.0     0.6179
    1994      874.0     0.6260
    1901      857.0     0.6423
    1959      857.0     0.6342
    1932      854.0     0.6504
    1904      850.0     0.6585
    1976      835.0     0.6667
    1936      832.0     0.6748
    1948      820.0     0.6829
    1993      818.0     0.6911
    2006      808.0     0.6992
    1929      765.0     0.7073
    1956      749.0     0.7155
    1920      733.0     0.7236
    1977      732.0     0.7317
    2004      722.0     0.7399
    1960      717.0     0.7480
    1950      712.0     0.7561
    2000      688.0     0.7642
    1955      680.0     0.7724
    1890      675.0     0.7886
    1940      675.0     0.7805
    1998      662.0     0.7968
    1911      660.0     0.8049
    1908      650.0     0.8130
    1974      641.0     0.8212
    1968      636.0     0.8293
    1934      628.0     0.8374
    1916      620.0     0.8456
    1927      604.0     0.8537
    1898      603.0     0.8618
    1922      574.0     0.8699
    1988      568.0     0.8781
    2008      564.0     0.8862
    1889      548.0     0.9025
    1992      548.0     0.8943
    1888      535.0     0.9106
    1902      514.0     0.9187
    1913      490.0     0.9269
    1910      465.0     0.9350
    1964      458.0     0.9431
    1981      418.0     0.9513
    1925      410.0     0.9594
    2001      400.0     0.9675
    2012      347.0     0.9756
    1954      285.0     0.9838
    2002      190.0     0.9919
1


  Program PeakFq           U. S. GEOLOGICAL SURVEY             Seq.001.005
  Version 7.1         Annual peak flow frequency analysis      Run Date / Time
  3/14/2014                                                    10/23/2014 09:21
  
               Station - 06724000  ST. VRAIN CREEK AT LYONS, CO.                


                         EMA REPRESENTATION OF DATA

  WATER <----- OBSERVED-----><-------- EMA -------><-PERCEPTION THRESHOLDS->
   YEAR    Q_LOWER    Q_UPPER    Q_LOWER    Q_UPPER        LOWER       UPPER
   1888      535.0      535.0      535.0      535.0          0.0        INF 
   1889      548.0      548.0      548.0      548.0          0.0        INF 
   1890      675.0      675.0      675.0      675.0          0.0        INF 
   1891     1400.0     1400.0     1400.0     1400.0          0.0        INF 
   1892        0.0       INF         0.0       INF          INF         INF 
   1893        0.0       INF         0.0       INF          INF         INF 
   1894        0.0       INF         0.0       INF          INF         INF 
   1895     1130.0     1130.0     1130.0     1130.0          0.0        INF 
   1896     1500.0     1500.0     1500.0     1500.0          0.0        INF 
   1897     1020.0     1020.0     1020.0     1020.0          0.0        INF 
   1898      603.0      603.0      603.0      603.0          0.0        INF 
   1899     1180.0     1180.0     1180.0     1180.0          0.0        INF 
   1900      918.0      918.0      918.0      918.0          0.0        INF 
   1901      857.0      857.0      857.0      857.0          0.0        INF 
   1902      514.0      514.0      514.0      514.0          0.0        INF 
   1903     1710.0     1710.0     1710.0     1710.0          0.0        INF 
   1904      850.0      850.0      850.0      850.0          0.0        INF 
   1905     1660.0     1660.0     1660.0     1660.0          0.0        INF 
   1906     1170.0     1170.0     1170.0     1170.0          0.0        INF 
   1907     1120.0     1120.0     1120.0     1120.0          0.0        INF 
   1908      650.0      650.0      650.0      650.0          0.0        INF 
   1909     1150.0     1150.0     1150.0     1150.0          0.0        INF 
   1910      465.0      465.0      465.0      465.0          0.0        INF 
   1911      660.0      660.0      660.0      660.0          0.0        INF 
   1912     1150.0     1150.0     1150.0     1150.0          0.0        INF 
   1913      490.0      490.0      490.0      490.0          0.0        INF 
   1914     1540.0     1540.0     1540.0     1540.0          0.0        INF 
   1915      955.0      955.0      955.0      955.0          0.0        INF 
   1916      620.0      620.0      620.0      620.0          0.0        INF 
   1917     1240.0     1240.0     1240.0     1240.0          0.0        INF 
   1918     1700.0     1700.0     1700.0     1700.0          0.0        INF 
   1919     9400.0     9400.0     9400.0     9400.0          0.0        INF 
   1920      733.0      733.0      733.0      733.0          0.0        INF 
   1921     2050.0     2050.0     2050.0     2050.0          0.0        INF 
   1922      574.0      574.0      574.0      574.0          0.0        INF 
   1923     1670.0     1670.0     1670.0     1670.0          0.0        INF 
   1924     2230.0     2230.0     2230.0     2230.0          0.0        INF 
   1925      410.0      410.0      410.0      410.0          0.0        INF 
   1926     1100.0     1100.0     1100.0     1100.0          0.0        INF 
   1927      604.0      604.0      604.0      604.0          0.0        INF 
   1928     1010.0     1010.0     1010.0     1010.0          0.0        INF 
   1929      765.0      765.0      765.0      765.0          0.0        INF 
   1930     2040.0     2040.0     2040.0     2040.0          0.0        INF 
   1931     1450.0     1450.0     1450.0     1450.0          0.0        INF 
   1932      854.0      854.0      854.0      854.0          0.0        INF 
   1933     1130.0     1130.0     1130.0     1130.0          0.0        INF 
   1934      628.0      628.0      628.0      628.0          0.0        INF 
   1935     2340.0     2340.0     2340.0     2340.0          0.0        INF 
   1936      832.0      832.0      832.0      832.0          0.0        INF 
   1937     1230.0     1230.0     1230.0     1230.0          0.0        INF 
   1938     1650.0     1650.0     1650.0     1650.0          0.0        INF 
   1939      978.0      978.0      978.0      978.0          0.0        INF 
   1940      675.0      675.0      675.0      675.0          0.0        INF 
   1941    10500.0    10500.0    10500.0    10500.0          0.0        INF 
   1942     1510.0     1510.0     1510.0     1510.0          0.0        INF 
   1943     1230.0     1230.0     1230.0     1230.0          0.0        INF 
   1944      962.0      962.0      962.0      962.0          0.0        INF 
   1945     1000.0     1000.0     1000.0     1000.0          0.0        INF 
   1946     2140.0     2140.0     2140.0     2140.0          0.0        INF 
   1947     2360.0     2360.0     2360.0     2360.0          0.0        INF 
   1948      820.0      820.0      820.0      820.0          0.0        INF 
   1949     2970.0     2970.0     2970.0     2970.0          0.0        INF 
   1950      712.0      712.0      712.0      712.0          0.0        INF 
   1951     3920.0     3920.0     3920.0     3920.0          0.0        INF 
   1952     1610.0     1610.0     1610.0     1610.0          0.0        INF 
   1953      970.0      970.0      970.0      970.0          0.0        INF 
   1954      285.0      285.0      285.0      285.0          0.0        INF 
   1955      680.0      680.0      680.0      680.0          0.0        INF 
   1956      749.0      749.0      749.0      749.0          0.0        INF 
   1957     3060.0     3060.0     3060.0     3060.0          0.0        INF 
   1958     1290.0     1290.0     1290.0     1290.0          0.0        INF 
   1959      857.0      857.0      857.0      857.0          0.0        INF 
   1960      717.0      717.0      717.0      717.0          0.0        INF 
   1961     2540.0     2540.0     2540.0     2540.0          0.0        INF 
   1962     1140.0     1140.0     1140.0     1140.0          0.0        INF 
   1963     1300.0     1300.0     1300.0     1300.0          0.0        INF 
   1964      458.0      458.0      458.0      458.0          0.0        INF 
   1965     1840.0     1840.0     1840.0     1840.0          0.0        INF 
   1966     1210.0     1210.0     1210.0     1210.0          0.0        INF 
   1967     2010.0     2010.0     2010.0     2010.0          0.0        INF 
   1968      636.0      636.0      636.0      636.0          0.0        INF 
   1969     2900.0     2900.0     2900.0     2900.0          0.0        INF 
   1970      958.0      958.0      958.0      958.0          0.0        INF 
   1971     1760.0     1760.0     1760.0     1760.0          0.0        INF 
   1972      940.0      940.0      940.0      940.0          0.0        INF 
   1973     1360.0     1360.0     1360.0     1360.0          0.0        INF 
   1974      641.0      641.0      641.0      641.0          0.0        INF 
   1975      922.0      922.0      922.0      922.0          0.0        INF 
   1976      835.0      835.0      835.0      835.0          0.0        INF 
   1977      732.0      732.0      732.0      732.0          0.0        INF 
   1978     1560.0     1560.0     1560.0     1560.0          0.0        INF 
   1979     1050.0     1050.0     1050.0     1050.0          0.0        INF 
   1980     2330.0     2330.0     2330.0     2330.0          0.0        INF 
   1981      418.0      418.0      418.0      418.0          0.0        INF 
   1982     1600.0     1600.0     1600.0     1600.0          0.0        INF 
   1983     1470.0     1470.0     1470.0     1470.0          0.0        INF 
   1984     1340.0     1340.0     1340.0     1340.0          0.0        INF 
   1985     1040.0     1040.0     1040.0     1040.0          0.0        INF 
   1986     1120.0     1120.0     1120.0     1120.0          0.0        INF 
   1987     1080.0     1080.0     1080.0     1080.0          0.0        INF 
   1988      568.0      568.0      568.0      568.0          0.0        INF 
   1989      998.0      998.0      998.0      998.0          0.0        INF 
   1990      908.0      908.0      908.0      908.0          0.0        INF 
   1991     1280.0     1280.0     1280.0     1280.0          0.0        INF 
   1992      548.0      548.0      548.0      548.0          0.0        INF 
   1993      818.0      818.0      818.0      818.0          0.0        INF 
   1994      874.0      874.0      874.0      874.0          0.0        INF 
   1995     4200.0     4200.0     4200.0     4200.0          0.0        INF 
   1996     1120.0     1120.0     1120.0     1120.0          0.0        INF 
   1997     1640.0     1640.0     1640.0     1640.0          0.0        INF 
   1998      662.0      662.0      662.0      662.0          0.0        INF 
   1999     1880.0     1880.0     1880.0     1880.0          0.0        INF 
   2000      688.0      688.0      688.0      688.0          0.0        INF 
   2001      400.0      400.0      400.0      400.0          0.0        INF 
   2002      190.0      190.0      190.0      190.0          0.0        INF 
   2003     1220.0     1220.0     1220.0     1220.0          0.0        INF 
   2004      722.0      722.0      722.0      722.0          0.0        INF 
   2005     1160.0     1160.0     1160.0     1160.0          0.0        INF 
   2006      808.0      808.0      808.0      808.0          0.0        INF 
   2007        0.0       INF         0.0       INF          INF         INF 
   2008      564.0      564.0      564.0      564.0          0.0        INF 
   2009      890.0      890.0      890.0      890.0          0.0        INF 
   2010     1550.0     1550.0     1550.0     1550.0          0.0        INF 
   2011     1140.0     1140.0     1140.0     1140.0          0.0        INF 
   2012      347.0      347.0      347.0      347.0          0.0        INF 
   2013    24700.0    24700.0    24700.0    24700.0          0.0        INF 
1



 End PeakFQ analysis.
   Stations processed :       1
   Number of errors   :       0
   Stations skipped   :       0
   Station years      :     122


Data records may have been ignored for the stations listed below.               
(Card type must be Y, Z, N, H, I, 2, 3, 4,  or *.)                              
(2, 4, and * records are ignored.)                                              
                                                                                
 For the station below, the following records were ignored:                     
                                                                                
 FINISHED PROCESSING STATION:  06724000       USGS ST. VRAIN CREEK AT LYONS, CO.
                                                                                
                                                                                
 For the station below, the following records were ignored:                     
                                                                                
 FINISHED PROCESSING STATION:                                                   
                                                                                
