1
  Program PeakFq           U. S. GEOLOGICAL SURVEY             Seq.002.000
  Version 7.1         Annual peak flow frequency analysis      Run Date / Time
  3/14/2014                                                    02/03/2015 10:09

                         --- PROCESSING OPTIONS ---  

                      Plot option         = Graphics device   
                      Basin char output   = WATSTORE      
                      Print option        = Yes
                      Debug print         = No 
                      Input peaks listing = Long 
                      Input peaks format  = WATSTORE peak file  

                      Input files used:
                         peaks (ascii)  - C:\Users\mkohn\Desktop\06836500\06836500.TXT                                    
                         specifications - C:\Users\mkohn\Desktop\06836500\PKFQWPSF.TMP                                    
                      Output file(s): 
                         main - C:\Users\mkohn\Desktop\06836500\06836500.PRT                                    
                         bcd  - C:\Users\mkohn\Desktop\06836500\06836500.BCD                                    
  
1


  Program PeakFq           U. S. GEOLOGICAL SURVEY             Seq.001.001
  Version 7.1         Annual peak flow frequency analysis      Run Date / Time
  3/14/2014                                                    02/03/2015 10:09
  
             Station - 06836500  Driftwood Creek near McCook, Nebr.             


                     I N P U T   D A T A   S U M M A R Y

                Number of peaks in record            =       33
                Peaks not used in analysis           =        0
                Systematic peaks in analysis         =       33
                Historic peaks in analysis           =        0
                Beginning Year                       =     1946
                Ending Year                          =     1978
                Historical Period Length             =       33
                Generalized skew                     =    0.076
                     Standard error                  =    0.550
                     Mean Square error               =    0.303
                Skew option                          =   WEIGHTED  
                Gage base discharge                  =      0.0
                User supplied high outlier threshold =   --           
                User supplied PILF (LO) criterion    =   --           
                Plotting position parameter          =     0.00
                Type of analysis                            EMA
                PILF (LO) Test Method                      MGBT
                Perception Thresholds:
                     Begin     End       Low     High     Comment
                      1946    1978       0.0       INF     DEFAULT                                                                         
                Interval Data                    =   None Specified



  *********  NOTICE  --  Preliminary machine computations.        *********     
  *********  User responsible for assessment and interpretation.  *********     

    WCF002J-CALCS COMPLETED.  RETURN CODE =  2
    EMA002W-CONFIDENCE INTERVALS ARE NOT EXACT IF HISTORIC PERIOD > 0


                                        Kendall's Tau Parameters

                                                        MEDIAN   No. of
                                       TAU    P-VALUE    SLOPE   PEAKS
                                ---------------------------------------
             SYSTEMATIC RECORD     -0.278      0.024    -43.250    33


1


  Program PeakFq           U. S. GEOLOGICAL SURVEY             Seq.001.002
  Version 7.1         Annual peak flow frequency analysis      Run Date / Time
  3/14/2014                                                    02/03/2015 10:09
  
             Station - 06836500  Driftwood Creek near McCook, Nebr.             


           ANNUAL FREQUENCY CURVE PARAMETERS -- LOG-PEARSON TYPE III 

                                    LOGARITHMIC         
                         -------------------------------
                                      STANDARD          
                            MEAN     DEVIATION     SKEW 
                         -------------------------------
 EMA W/O REG. INFO         2.9003      0.4499      0.119
 EMA W/REG. INFO           2.9003      0.4499      0.104

 EMA ESTIMATE OF MSE OF SKEW W/O REG. INFO (AT-SITE)      0.1615
 EMA ESTIMATE OF MSE OF SKEW W/SYSTEMATIC ONLY (AT-SITE)  0.1615



    ANNUAL FREQUENCY CURVE -- DISCHARGES AT SELECTED EXCEEDANCE PROBABILITIES

   ANNUAL   EMA W/    EMA W/O     <------ FOR EMA ESTIMATES ------->
EXCEEDANCE  REG INFO  REG INFO    VARIANCE  95% CONFIDENCE INTERVALS
PROBABILITY ESTIMATE  ESTIMATE     OF EST.       LOWER       UPPER

   0.9950      61.0      61.9      0.0378        15.1        117.5
   0.9900      77.3      78.2      0.0288        23.3        138.4
   0.9500     149.2     149.9      0.0140        69.8        232.8
   0.9000     213.3     213.7      0.0102       118.0        320.1
   0.8000     330.8     330.6      0.0078       208.4        484.6
   0.6667     501.5     500.5      0.0069       335.2        730.2
   0.5000     780.8     778.8      0.0067       534.1       1150.0
   0.4292     939.8     937.4      0.0069       644.5       1401.0
   0.2000    1891.     1889.       0.0087      1274.0       3132.0
   0.1000    3032.     3037.       0.0121      1968.0       5890.0
   0.0400    5057.     5083.       0.0192      3062.0      12950.0
   0.0200    7068.     7125.       0.0267      4010.0      22970.0
   0.0100    9579.     9687.       0.0362      5053.0      40030.0
   0.0050   12680.    12870.       0.0478      6183.0      68810.0
   0.0020   17870.    18210.       0.0663      7803.0     138500.0
1


  Program PeakFq           U. S. GEOLOGICAL SURVEY             Seq.001.003
  Version 7.1         Annual peak flow frequency analysis      Run Date / Time
  3/14/2014                                                    02/03/2015 10:09
  
             Station - 06836500  Driftwood Creek near McCook, Nebr.             


                       I N P U T   D A T A   L I S T I N G


    WATER       PEAK   PEAKFQ   <--- Intervals --->
     YEAR      VALUE    CODES     LOW         HIGH   REMARKS
     1946     3400.0       
     1947     2270.0       
     1948     1520.0       
     1949      780.0       
     1950     4740.0       
     1951     4470.0       
     1952     1370.0       
     1953      124.0       
     1954      593.0       
     1955      284.0       
     1956     3810.0       
     1957     3620.0       
     1958      560.0       
     1959      220.0       
     1960     2830.0       
     1961      147.0       
     1962      940.0       
     1963      324.0       
     1964      902.0       
     1965      780.0       
     1966      356.0       
     1967      423.0       
     1968     1960.0       
     1969      488.0       
     1970     1170.0       
     1971      461.0       
     1972     1660.0       
     1973      374.0       
     1974     1020.0       
     1975      193.0       
     1976      518.0       
     1977      607.0       
     1978      205.0       


        Explanation of peak discharge qualification codes

       PeakFQ    NWIS
        CODE     CODE   DEFINITION

          D        3    Dam failure, non-recurrent flow anomaly
          G        8    Discharge greater than stated value
          X       3+8   Both of the above
          L        4    Discharge less than stated value
          K     6 OR C  Known effect of regulation or urbanization
          H        7    Historic peak

          -  Minus-flagged discharge -- Not used in computation
                -8888.0 -- No discharge value given
          -  Minus-flagged water year -- Historic peak used in computation



1


  Program PeakFq           U. S. GEOLOGICAL SURVEY             Seq.001.004
  Version 7.1         Annual peak flow frequency analysis      Run Date / Time
  3/14/2014                                                    02/03/2015 10:09
  
             Station - 06836500  Driftwood Creek near McCook, Nebr.             


   EMPIRICAL FREQUENCY CURVES -- HIRSCH-STEDINGER PLOTTING POSITIONS

   WATER     RANKED      EMA         INTERVALS
    YEAR   DISCHARGE   ESTIMATE      LOW      HIGH
    1950     4740.0     0.0293
    1951     4470.0     0.0587
    1956     3810.0     0.0881
    1957     3620.0     0.1175
    1946     3400.0     0.1470
    1960     2830.0     0.1764
    1947     2270.0     0.2058
    1968     1960.0     0.2352
    1972     1660.0     0.2646
    1948     1520.0     0.2941
    1952     1370.0     0.3235
    1970     1170.0     0.3529
    1974     1020.0     0.3823
    1962      940.0     0.4117
    1964      902.0     0.4412
    1949      780.0     0.5000
    1965      780.0     0.4706
    1977      607.0     0.5294
    1954      593.0     0.5588
    1958      560.0     0.5883
    1976      518.0     0.6177
    1969      488.0     0.6471
    1971      461.0     0.6765
    1967      423.0     0.7059
    1973      374.0     0.7354
    1966      356.0     0.7648
    1963      324.0     0.7942
    1955      284.0     0.8236
    1959      220.0     0.8530
    1978      205.0     0.8825
    1975      193.0     0.9119
    1961      147.0     0.9413
    1953      124.0     0.9707
1


  Program PeakFq           U. S. GEOLOGICAL SURVEY             Seq.001.005
  Version 7.1         Annual peak flow frequency analysis      Run Date / Time
  3/14/2014                                                    02/03/2015 10:09
  
             Station - 06836500  Driftwood Creek near McCook, Nebr.             


                         EMA REPRESENTATION OF DATA

  WATER <----- OBSERVED-----><-------- EMA -------><-PERCEPTION THRESHOLDS->
   YEAR    Q_LOWER    Q_UPPER    Q_LOWER    Q_UPPER        LOWER       UPPER
   1946     3400.0     3400.0     3400.0     3400.0          0.0        INF 
   1947     2270.0     2270.0     2270.0     2270.0          0.0        INF 
   1948     1520.0     1520.0     1520.0     1520.0          0.0        INF 
   1949      780.0      780.0      780.0      780.0          0.0        INF 
   1950     4740.0     4740.0     4740.0     4740.0          0.0        INF 
   1951     4470.0     4470.0     4470.0     4470.0          0.0        INF 
   1952     1370.0     1370.0     1370.0     1370.0          0.0        INF 
   1953      124.0      124.0      124.0      124.0          0.0        INF 
   1954      593.0      593.0      593.0      593.0          0.0        INF 
   1955      284.0      284.0      284.0      284.0          0.0        INF 
   1956     3810.0     3810.0     3810.0     3810.0          0.0        INF 
   1957     3620.0     3620.0     3620.0     3620.0          0.0        INF 
   1958      560.0      560.0      560.0      560.0          0.0        INF 
   1959      220.0      220.0      220.0      220.0          0.0        INF 
   1960     2830.0     2830.0     2830.0     2830.0          0.0        INF 
   1961      147.0      147.0      147.0      147.0          0.0        INF 
   1962      940.0      940.0      940.0      940.0          0.0        INF 
   1963      324.0      324.0      324.0      324.0          0.0        INF 
   1964      902.0      902.0      902.0      902.0          0.0        INF 
   1965      780.0      780.0      780.0      780.0          0.0        INF 
   1966      356.0      356.0      356.0      356.0          0.0        INF 
   1967      423.0      423.0      423.0      423.0          0.0        INF 
   1968     1960.0     1960.0     1960.0     1960.0          0.0        INF 
   1969      488.0      488.0      488.0      488.0          0.0        INF 
   1970     1170.0     1170.0     1170.0     1170.0          0.0        INF 
   1971      461.0      461.0      461.0      461.0          0.0        INF 
   1972     1660.0     1660.0     1660.0     1660.0          0.0        INF 
   1973      374.0      374.0      374.0      374.0          0.0        INF 
   1974     1020.0     1020.0     1020.0     1020.0          0.0        INF 
   1975      193.0      193.0      193.0      193.0          0.0        INF 
   1976      518.0      518.0      518.0      518.0          0.0        INF 
   1977      607.0      607.0      607.0      607.0          0.0        INF 
   1978      205.0      205.0      205.0      205.0          0.0        INF 
1



 End PeakFQ analysis.
   Stations processed :       1
   Number of errors   :       0
   Stations skipped   :       0
   Station years      :      33


Data records may have been ignored for the stations listed below.               
(Card type must be Y, Z, N, H, I, 2, 3, 4,  or *.)                              
(2, 4, and * records are ignored.)                                              
                                                                                
 For the station below, the following records were ignored:                     
                                                                                
 FINISHED PROCESSING STATION:  06836500       USGS Driftwood Creek near McCook, 
                                                                                
                                                                                
 For the station below, the following records were ignored:                     
                                                                                
 FINISHED PROCESSING STATION:                                                   
                                                                                
